#
# A fatal error has been detected by the Java Runtime Environment:
#
#  EXCEPTION_ACCESS_VIOLATION (0xc0000005) at pc=0x00007ff8cd8fd266, pid=7472, tid=4992
#
# JRE version: OpenJDK Runtime Environment (11.0.11+9) (build 11.0.11+9-b60-7590822)
# Java VM: OpenJDK 64-Bit Server VM (11.0.11+9-b60-7590822, mixed mode, tiered, compressed oops, g1 gc, windows-amd64)
# Problematic frame:
# V  [jvm.dll+0x18d266]
#
# No core dump will be written. Minidumps are not enabled by default on client versions of Windows
#
# If you would like to submit a bug report, please visit:
#   https://bugreport.java.com/bugreport/crash.jsp
#

---------------  S U M M A R Y ------------

Command Line: --add-opens=java.base/java.util=ALL-UNNAMED --add-opens=java.base/java.lang=ALL-UNNAMED --add-opens=java.base/java.lang.invoke=ALL-UNNAMED --add-opens=java.base/java.util=ALL-UNNAMED --add-opens=java.prefs/java.util.prefs=ALL-UNNAMED --add-opens=java.prefs/java.util.prefs=ALL-UNNAMED --add-opens=java.base/java.nio.charset=ALL-UNNAMED --add-opens=java.base/java.net=ALL-UNNAMED --add-opens=java.base/java.util.concurrent.atomic=ALL-UNNAMED -Xmx2048m -Dfile.encoding=UTF-8 -Duser.country=BR -Duser.language=pt -Duser.variant org.gradle.launcher.daemon.bootstrap.GradleDaemon 7.2

Host: Intel(R) Core(TM) i5-4440 CPU @ 3.10GHz, 4 cores, 7G,  Windows 10 , 64 bit Build 19041 (10.0.19041.1466)
Time: Wed Mar 23 09:42:24 2022 Hora oficial do Brasil elapsed time: 1307.927159 seconds (0d 0h 21m 47s)

---------------  T H R E A D  ---------------

Current thread (0x000001d04c119000):  ConcurrentGCThread "G1 Conc#0" [stack: 0x0000007e57a00000,0x0000007e57b00000] [id=4992]

Stack: [0x0000007e57a00000,0x0000007e57b00000],  sp=0x0000007e57aff258,  free space=1020k
Native frames: (J=compiled Java code, j=interpreted, Vv=VM code, C=native code)
V  [jvm.dll+0x18d266]


siginfo: EXCEPTION_ACCESS_VIOLATION (0xc0000005), reading address 0x0000000363230b98


Register to memory mapping:

RIP=0x00007ff8cd8fd266 jvm.dll
RAX=0x0000020000000001 is an unknown value
RBX=0x00000000835c1a90 is pointing into object: [Ljava.util.Hashtable$Entry; 
{0x00000000835c1678} - klass: 'java/util/Hashtable$Entry'[]
 - length: 2059
RCX=0x00000000835c1a90 is pointing into object: [Ljava.util.Hashtable$Entry; 
{0x00000000835c1678} - klass: 'java/util/Hashtable$Entry'[]
 - length: 2059
RDX=0x00000000835c1a90 is pointing into object: [Ljava.util.Hashtable$Entry; 
{0x00000000835c1678} - klass: 'java/util/Hashtable$Entry'[]
 - length: 2059
RSP=0x0000007e57aff258 points into unknown readable memory: 0x00007ff8cda4b2fa | fa b2 a4 cd f8 7f 00 00
RBP=0x000001d04c10df10 points into unknown readable memory: 0x000001d04c117000 | 00 70 11 4c d0 01 00 00
RSI=0x0000000000000001 is an unknown value
RDI=0x0 is NULL
R8 =0x0000020000000000 is an unknown value
R9 =0x0000000363230b90 is an unknown value
R10=0x000001d04c10df10 points into unknown readable memory: 0x000001d04c117000 | 00 70 11 4c d0 01 00 00
R11=0x000001d061630000 points into unknown readable memory: 0x0000000000000001 | 01 00 00 00 00 00 00 00
R12=0x000000000000000c is an unknown value
R13=0xaaaaaaaaaaaaaaab is an unknown value
R14=0x0 is NULL
R15=0x00000000835c11a8 is an oop: java.beans.MethodRef 
{0x00000000835c11a8} - klass: 'java/beans/MethodRef'


Registers:
RAX=0x0000020000000001, RBX=0x00000000835c1a90, RCX=0x00000000835c1a90, RDX=0x00000000835c1a90
RSP=0x0000007e57aff258, RBP=0x000001d04c10df10, RSI=0x0000000000000001, RDI=0x0000000000000000
R8 =0x0000020000000000, R9 =0x0000000363230b90, R10=0x000001d04c10df10, R11=0x000001d061630000
R12=0x000000000000000c, R13=0xaaaaaaaaaaaaaaab, R14=0x0000000000000000, R15=0x00000000835c11a8
RIP=0x00007ff8cd8fd266, EFLAGS=0x0000000000010206

Top of Stack: (sp=0x0000007e57aff258)
0x0000007e57aff258:   00007ff8cda4b2fa 00000000835c1a90
0x0000007e57aff268:   00000001004ba808 0000007e57aff310
0x0000007e57aff278:   00007ff8cd90063a 00000001004ba810
0x0000007e57aff288:   00007ff8cda4b1a6 00000001004ba808
0x0000007e57aff298:   00000000835c1a90 000001d04c11aa10
0x0000007e57aff2a8:   0000007e57aff468 0000000000000000
0x0000007e57aff2b8:   0000007e57aff468 00000000835c11c0
0x0000007e57aff2c8:   00007ff8cda4303d 0000000000000003
0x0000007e57aff2d8:   00000000835c11bc 0000007e57aff468
0x0000007e57aff2e8:   000001d04c119401 0000007e57aff440
0x0000007e57aff2f8:   000001d04c119401 00000001004ba600
0x0000007e57aff308:   00007ff8cda428f1 0000000000000003
0x0000007e57aff318:   0000007e57aff468 00000000835c11a8
0x0000007e57aff328:   0000007e57aff440 00000000835c11a8
0x0000007e57aff338:   00007ff8cda50cdf 000001d04c11aa10
0x0000007e57aff348:   00000000006c0000 0000007e57aff440 

Instructions: (pc=0x00007ff8cd8fd266)
0x00007ff8cd8fd166:   82 00 48 d3 e0 48 03 05 1e 6b 82 00 eb 04 48 8b
0x00007ff8cd8fd176:   43 08 81 78 08 00 00 00 c0 73 7d 48 8b 4f 38 48
0x00007ff8cd8fd186:   8b d3 48 8b 01 ff 50 20 84 c0 75 6c 38 05 e0 f6
0x00007ff8cd8fd196:   86 00 74 15 8b 53 08 8b 0d f5 6a 82 00 48 d3 e2
0x00007ff8cd8fd1a6:   48 03 15 e3 6a 82 00 eb 04 48 8b 53 08 48 8b cb
0x00007ff8cd8fd1b6:   48 89 5c 24 20 e8 a0 00 00 00 80 7f 30 00 48 63
0x00007ff8cd8fd1c6:   c8 48 89 4c 24 28 0f 28 44 24 20 74 17 0f 11 86
0x00007ff8cd8fd1d6:   98 03 00 00 48 8b 5c 24 40 48 8b 74 24 48 48 83
0x00007ff8cd8fd1e6:   c4 30 5f c3 48 8b 07 48 8d 54 24 20 48 8b cf 66
0x00007ff8cd8fd1f6:   0f 7f 44 24 20 ff 50 38 48 8b 5c 24 40 48 8b 74
0x00007ff8cd8fd206:   24 48 48 83 c4 30 5f c3 cc cc 48 8b 49 38 48 8b
0x00007ff8cd8fd216:   01 48 ff 60 28 cc cc cc cc cc 80 3d 51 f6 86 00
0x00007ff8cd8fd226:   00 48 8b c1 74 1b 8b 51 08 8b 0d 63 6a 82 00 48
0x00007ff8cd8fd236:   d3 e2 48 8b c8 48 03 15 4e 6a 82 00 e9 19 00 00
0x00007ff8cd8fd246:   00 48 8b 51 08 48 8b c8 e9 0d 00 00 00 cc cc cc
0x00007ff8cd8fd256:   cc cc cc cc cc cc cc cc cc cc 4c 8b ca 48 8b d1
0x00007ff8cd8fd266:   45 8b 41 08 45 85 c0 7e 0e 41 f6 c0 01 75 59 41
0x00007ff8cd8fd276:   c1 f8 03 41 8b c0 c3 79 4f 80 3d f2 f5 86 00 00
0x00007ff8cd8fd286:   b8 0c 00 00 00 b9 10 00 00 00 0f 45 c8 8b 05 2b
0x00007ff8cd8fd296:   b4 80 00 ff c8 4c 63 c8 48 63 c1 41 8b c8 83 e1
0x00007ff8cd8fd2a6:   3f 48 63 14 10 41 8b c0 48 c1 f8 10 0f b6 c0 48
0x00007ff8cd8fd2b6:   d3 e2 49 8d 0c 11 49 f7 d1 48 03 c1 49 c1 e9 03
0x00007ff8cd8fd2c6:   48 c1 e8 03 41 23 c1 c3 49 8b 01 49 8b c9 48 ff
0x00007ff8cd8fd2d6:   a0 10 01 00 00 cc cc cc cc cc 48 83 ec 38 0f 10
0x00007ff8cd8fd2e6:   02 48 8b 49 38 48 8d 54 24 20 0f 29 44 24 20 e8
0x00007ff8cd8fd2f6:   66 f0 ff ff 48 83 c4 38 c3 cc 48 89 5c 24 08 55
0x00007ff8cd8fd306:   56 57 41 54 41 55 41 56 41 57 48 8d 6c 24 e0 48
0x00007ff8cd8fd316:   81 ec 20 01 00 00 48 8b 05 1d ef 83 00 48 33 c4
0x00007ff8cd8fd326:   48 89 45 10 48 8b 05 5f 60 86 00 45 33 ed 4c 8b
0x00007ff8cd8fd336:   b5 80 00 00 00 4c 8b fa 48 8b bd 88 00 00 00 4d
0x00007ff8cd8fd346:   8b c6 49 8b d6 49 8b f1 48 8b 48 38 48 8b 59 48
0x00007ff8cd8fd356:   49 8b cf c7 45 c0 ff ff ff ff 44 89 6d d4 4c 89 


Stack slot to memory mapping:
stack at sp + 0 slots: 0x00007ff8cda4b2fa jvm.dll
stack at sp + 1 slots: 0x00000000835c1a90 is pointing into object: [Ljava.util.Hashtable$Entry; 
{0x00000000835c1678} - klass: 'java/util/Hashtable$Entry'[]
 - length: 2059
stack at sp + 2 slots: 0x00000001004ba808 is pointing into metadata
stack at sp + 3 slots: 0x0000007e57aff310 points into unknown readable memory: 0x0000000000000003 | 03 00 00 00 00 00 00 00
stack at sp + 4 slots: 0x00007ff8cd90063a jvm.dll
stack at sp + 5 slots: 0x00000001004ba810 is a pointer to class: 
com.sun.beans.TypeResolver {0x00000001004ba818}
stack at sp + 6 slots: 0x00007ff8cda4b1a6 jvm.dll
stack at sp + 7 slots: 0x00000001004ba808 is pointing into metadata


---------------  P R O C E S S  ---------------

Threads class SMR info:
_java_thread_list=0x000001d074aec620, length=82, elements={
0x000001d04c0cc000, 0x000001d067c2d000, 0x000001d067c33000, 0x000001d067c46000,
0x000001d067c49000, 0x000001d067c4c800, 0x000001d067c4e000, 0x000001d067c55800,
0x000001d067c5b000, 0x000001d068710800, 0x000001d069ae4800, 0x000001d069f6b800,
0x000001d06aa0d800, 0x000001d06b109800, 0x000001d06b10a000, 0x000001d06b10b000,
0x000001d06b10c000, 0x000001d06b10d800, 0x000001d06adfe000, 0x000001d06adfc800,
0x000001d06adfa000, 0x000001d06adfb800, 0x000001d068ab4800, 0x000001d0688cc000,
0x000001d0688c8000, 0x000001d0688cd000, 0x000001d06fd96800, 0x000001d071b08800,
0x000001d068ab4000, 0x000001d068ab3000, 0x000001d068ab2000, 0x000001d068ab5800,
0x000001d068ab6000, 0x000001d068ab0800, 0x000001d068ab7000, 0x000001d068ab1800,
0x000001d068abc000, 0x000001d068abd000, 0x000001d068abd800, 0x000001d068aba800,
0x000001d068abb000, 0x000001d068ab8000, 0x000001d068abe800, 0x000001d068ab8800,
0x000001d068ab9800, 0x000001d071b04800, 0x000001d071b02000, 0x000001d071b05800,
0x000001d071b06000, 0x000001d071b09800, 0x000001d071b07000, 0x000001d071b08000,
0x000001d071b04000, 0x000001d071b0a800, 0x000001d071b0c000, 0x000001d071b11000,
0x000001d071b0f000, 0x000001d071b0b000, 0x000001d071b0c800, 0x000001d071b10000,
0x000001d071b0d800, 0x000001d071b0e800, 0x000001d0688c8800, 0x000001d0688c7000,
0x000001d0688c5800, 0x000001d0688c6800, 0x000001d0688c9800, 0x000001d0688c4000,
0x000001d0688ca800, 0x000001d0688c4800, 0x000001d0688d0000, 0x000001d0688cd800,
0x000001d0688cf000, 0x000001d0688cb000, 0x000001d0688d1000, 0x000001d0688d2800,
0x000001d0688d1800, 0x000001d06fd9b800, 0x000001d06fd9a000, 0x000001d06fd98000,
0x000001d06fd97800, 0x000001d06fd99000
}

Java Threads: ( => current thread )
  0x000001d04c0cc000 JavaThread "main" [_thread_blocked, id=4212, stack(0x0000007e57700000,0x0000007e57800000)]
  0x000001d067c2d000 JavaThread "Reference Handler" daemon [_thread_blocked, id=3956, stack(0x0000007e57e00000,0x0000007e57f00000)]
  0x000001d067c33000 JavaThread "Finalizer" daemon [_thread_blocked, id=1972, stack(0x0000007e57f00000,0x0000007e58000000)]
  0x000001d067c46000 JavaThread "Signal Dispatcher" daemon [_thread_blocked, id=4652, stack(0x0000007e58000000,0x0000007e58100000)]
  0x000001d067c49000 JavaThread "Attach Listener" daemon [_thread_blocked, id=6692, stack(0x0000007e58100000,0x0000007e58200000)]
  0x000001d067c4c800 JavaThread "Service Thread" daemon [_thread_blocked, id=10676, stack(0x0000007e58200000,0x0000007e58300000)]
  0x000001d067c4e000 JavaThread "C2 CompilerThread0" daemon [_thread_in_native, id=8184, stack(0x0000007e58300000,0x0000007e58400000)]
  0x000001d067c55800 JavaThread "C1 CompilerThread0" daemon [_thread_blocked, id=6592, stack(0x0000007e58400000,0x0000007e58500000)]
  0x000001d067c5b000 JavaThread "Sweeper thread" daemon [_thread_blocked, id=2136, stack(0x0000007e58500000,0x0000007e58600000)]
  0x000001d068710800 JavaThread "Common-Cleaner" daemon [_thread_blocked, id=2016, stack(0x0000007e58600000,0x0000007e58700000)]
  0x000001d069ae4800 JavaThread "Daemon health stats" [_thread_blocked, id=8536, stack(0x0000007e58b00000,0x0000007e58c00000)]
  0x000001d069f6b800 JavaThread "Incoming local TCP Connector on port 58163" [_thread_in_native, id=7128, stack(0x0000007e58c00000,0x0000007e58d00000)]
  0x000001d06aa0d800 JavaThread "Daemon periodic checks" [_thread_blocked, id=6548, stack(0x0000007e58d00000,0x0000007e58e00000)]
  0x000001d06b109800 JavaThread "Cache worker for journal cache (C:\Users\bruno\.gradle\caches\journal-1)" [_thread_blocked, id=8100, stack(0x0000007e59600000,0x0000007e59700000)]
  0x000001d06b10a000 JavaThread "File lock request listener" [_thread_in_native, id=5500, stack(0x0000007e59700000,0x0000007e59800000)]
  0x000001d06b10b000 JavaThread "Cache worker for file hash cache (C:\Users\bruno\.gradle\caches\7.2\fileHashes)" [_thread_blocked, id=772, stack(0x0000007e59800000,0x0000007e59900000)]
  0x000001d06b10c000 JavaThread "File watcher server" daemon [_thread_in_native, id=4676, stack(0x0000007e59a00000,0x0000007e59b00000)]
  0x000001d06b10d800 JavaThread "File watcher consumer" daemon [_thread_blocked, id=2648, stack(0x0000007e59b00000,0x0000007e59c00000)]
  0x000001d06adfe000 JavaThread "Cache worker for execution history cache (C:\Users\bruno\.gradle\caches\7.2\executionHistory)" [_thread_blocked, id=964, stack(0x0000007e59f00000,0x0000007e5a000000)]
  0x000001d06adfc800 JavaThread "jar transforms" [_thread_blocked, id=2968, stack(0x0000007e5a000000,0x0000007e5a100000)]
  0x000001d06adfa000 JavaThread "Cache worker for file content cache (C:\Users\bruno\.gradle\caches\7.2\fileContent)" [_thread_blocked, id=3740, stack(0x0000007e5a100000,0x0000007e5a200000)]
  0x000001d06adfb800 JavaThread "jar transforms Thread 2" [_thread_blocked, id=5036, stack(0x0000007e5a200000,0x0000007e5a300000)]
  0x000001d068ab4800 JavaThread "jar transforms Thread 3" [_thread_blocked, id=7464, stack(0x0000007e5a400000,0x0000007e5a500000)]
  0x000001d0688cc000 JavaThread "jar transforms Thread 4" [_thread_blocked, id=9692, stack(0x0000007e5ce00000,0x0000007e5cf00000)]
  0x000001d0688c8000 JavaThread "Memory manager" [_thread_blocked, id=2140, stack(0x0000007e5cf00000,0x0000007e5d000000)]
  0x000001d0688cd000 JavaThread "pool-3-thread-1" [_thread_blocked, id=11128, stack(0x0000007e5d100000,0x0000007e5d200000)]
  0x000001d06fd96800 JavaThread "Cache worker for Java compile cache (C:\Users\bruno\.gradle\caches\7.2\javaCompile)" [_thread_blocked, id=7616, stack(0x0000007e5d800000,0x0000007e5d900000)]
  0x000001d071b08800 JavaThread "ForkJoinPool.commonPool-worker-7" daemon [_thread_blocked, id=8716, stack(0x0000007e5e600000,0x0000007e5e700000)]
  0x000001d068ab4000 JavaThread "Daemon Thread 2" [_thread_blocked, id=9668, stack(0x0000007e57400000,0x0000007e57500000)]
  0x000001d068ab3000 JavaThread "Handler for socket connection from /127.0.0.1:58163 to /127.0.0.1:58272" [_thread_in_native, id=4128, stack(0x0000007e57500000,0x0000007e57600000)]
  0x000001d068ab2000 JavaThread "Cancel handler" [_thread_blocked, id=4428, stack(0x0000007e57600000,0x0000007e57700000)]
  0x000001d068ab5800 JavaThread "Daemon worker Thread 2" [_thread_in_Java, id=10716, stack(0x0000007e58800000,0x0000007e58900000)]
  0x000001d068ab6000 JavaThread "Asynchronous log dispatcher for DefaultDaemonConnection: socket connection from /127.0.0.1:58163 to /127.0.0.1:58272" [_thread_blocked, id=2632, stack(0x0000007e58e00000,0x0000007e58f00000)]
  0x000001d068ab0800 JavaThread "Stdin handler" [_thread_blocked, id=1356, stack(0x0000007e58f00000,0x0000007e59000000)]
  0x000001d068ab7000 JavaThread "Daemon client event forwarder" [_thread_blocked, id=7500, stack(0x0000007e59000000,0x0000007e59100000)]
  0x000001d068ab1800 JavaThread "Cache worker for file hash cache (C:\Users\bruno\AndroidStudioProjects\RecycleView\.gradle\7.2\fileHashes)" [_thread_blocked, id=9200, stack(0x0000007e59100000,0x0000007e59200000)]
  0x000001d068abc000 JavaThread "C2 CompilerThread1" daemon [_thread_in_native, id=3784, stack(0x0000007e59200000,0x0000007e59300000)]
  0x000001d068abd000 JavaThread "Cache worker for checksums cache (C:\Users\bruno\AndroidStudioProjects\RecycleView\.gradle\checksums)" [_thread_blocked, id=7224, stack(0x0000007e59300000,0x0000007e59400000)]
  0x000001d068abd800 JavaThread "Cache worker for cache directory md-supplier (C:\Users\bruno\.gradle\caches\7.2\md-supplier)" [_thread_blocked, id=10200, stack(0x0000007e59400000,0x0000007e59500000)]
  0x000001d068aba800 JavaThread "Cache worker for cache directory md-rule (C:\Users\bruno\.gradle\caches\7.2\md-rule)" [_thread_blocked, id=2432, stack(0x0000007e59900000,0x0000007e59a00000)]
  0x000001d068abb000 JavaThread "Cache worker for dependencies-accessors (C:\Users\bruno\AndroidStudioProjects\RecycleView\.gradle\7.2\dependencies-accessors)" [_thread_blocked, id=8684, stack(0x0000007e59c00000,0x0000007e59d00000)]
  0x000001d068ab8000 JavaThread "Cache worker for Build Output Cleanup Cache (C:\Users\bruno\AndroidStudioProjects\RecycleView\.gradle\buildOutputCleanup)" [_thread_blocked, id=6948, stack(0x0000007e59d00000,0x0000007e59e00000)]
  0x000001d068abe800 JavaThread "Unconstrained build operations" [_thread_blocked, id=5088, stack(0x0000007e59e00000,0x0000007e59f00000)]
  0x000001d068ab8800 JavaThread "Unconstrained build operations Thread 2" [_thread_blocked, id=9284, stack(0x0000007e5a300000,0x0000007e5a400000)]
  0x000001d068ab9800 JavaThread "Unconstrained build operations Thread 3" [_thread_blocked, id=2440, stack(0x0000007e5a500000,0x0000007e5a600000)]
  0x000001d071b04800 JavaThread "Unconstrained build operations Thread 4" [_thread_blocked, id=9524, stack(0x0000007e5a600000,0x0000007e5a700000)]
  0x000001d071b02000 JavaThread "Unconstrained build operations Thread 5" [_thread_blocked, id=2516, stack(0x0000007e5a700000,0x0000007e5a800000)]
  0x000001d071b05800 JavaThread "Unconstrained build operations Thread 6" [_thread_blocked, id=8400, stack(0x0000007e5a800000,0x0000007e5a900000)]
  0x000001d071b06000 JavaThread "Unconstrained build operations Thread 7" [_thread_blocked, id=9612, stack(0x0000007e5a900000,0x0000007e5aa00000)]
  0x000001d071b09800 JavaThread "Unconstrained build operations Thread 8" [_thread_blocked, id=9064, stack(0x0000007e5aa00000,0x0000007e5ab00000)]
  0x000001d071b07000 JavaThread "Unconstrained build operations Thread 9" [_thread_blocked, id=6300, stack(0x0000007e5ab00000,0x0000007e5ac00000)]
  0x000001d071b08000 JavaThread "Unconstrained build operations Thread 10" [_thread_blocked, id=5548, stack(0x0000007e5ac00000,0x0000007e5ad00000)]
  0x000001d071b04000 JavaThread "Unconstrained build operations Thread 11" [_thread_blocked, id=9416, stack(0x0000007e5ad00000,0x0000007e5ae00000)]
  0x000001d071b0a800 JavaThread "Unconstrained build operations Thread 12" [_thread_blocked, id=576, stack(0x0000007e5ae00000,0x0000007e5af00000)]
  0x000001d071b0c000 JavaThread "Unconstrained build operations Thread 13" [_thread_blocked, id=7504, stack(0x0000007e5af00000,0x0000007e5b000000)]
  0x000001d071b11000 JavaThread "Unconstrained build operations Thread 14" [_thread_blocked, id=5220, stack(0x0000007e5b000000,0x0000007e5b100000)]
  0x000001d071b0f000 JavaThread "Unconstrained build operations Thread 15" [_thread_blocked, id=8532, stack(0x0000007e5b100000,0x0000007e5b200000)]
  0x000001d071b0b000 JavaThread "Unconstrained build operations Thread 16" [_thread_blocked, id=2464, stack(0x0000007e5b200000,0x0000007e5b300000)]
  0x000001d071b0c800 JavaThread "Unconstrained build operations Thread 17" [_thread_blocked, id=10516, stack(0x0000007e5b300000,0x0000007e5b400000)]
  0x000001d071b10000 JavaThread "Unconstrained build operations Thread 18" [_thread_blocked, id=5024, stack(0x0000007e5b400000,0x0000007e5b500000)]
  0x000001d071b0d800 JavaThread "Unconstrained build operations Thread 19" [_thread_blocked, id=8636, stack(0x0000007e5b500000,0x0000007e5b600000)]
  0x000001d071b0e800 JavaThread "Unconstrained build operations Thread 20" [_thread_blocked, id=6648, stack(0x0000007e5b600000,0x0000007e5b700000)]
  0x000001d0688c8800 JavaThread "Unconstrained build operations Thread 21" [_thread_blocked, id=8756, stack(0x0000007e5b700000,0x0000007e5b800000)]
  0x000001d0688c7000 JavaThread "Unconstrained build operations Thread 22" [_thread_blocked, id=1560, stack(0x0000007e5b800000,0x0000007e5b900000)]
  0x000001d0688c5800 JavaThread "Unconstrained build operations Thread 23" [_thread_blocked, id=5740, stack(0x0000007e5b900000,0x0000007e5ba00000)]
  0x000001d0688c6800 JavaThread "Unconstrained build operations Thread 24" [_thread_blocked, id=6956, stack(0x0000007e5ba00000,0x0000007e5bb00000)]
  0x000001d0688c9800 JavaThread "Unconstrained build operations Thread 25" [_thread_blocked, id=7792, stack(0x0000007e5bb00000,0x0000007e5bc00000)]
  0x000001d0688c4000 JavaThread "Unconstrained build operations Thread 26" [_thread_blocked, id=2448, stack(0x0000007e5bc00000,0x0000007e5bd00000)]
  0x000001d0688ca800 JavaThread "Unconstrained build operations Thread 27" [_thread_blocked, id=5312, stack(0x0000007e5bd00000,0x0000007e5be00000)]
  0x000001d0688c4800 JavaThread "Unconstrained build operations Thread 28" [_thread_blocked, id=4704, stack(0x0000007e5be00000,0x0000007e5bf00000)]
  0x000001d0688d0000 JavaThread "Unconstrained build operations Thread 29" [_thread_blocked, id=10836, stack(0x0000007e5bf00000,0x0000007e5c000000)]
  0x000001d0688cd800 JavaThread "Unconstrained build operations Thread 30" [_thread_blocked, id=6128, stack(0x0000007e5c000000,0x0000007e5c100000)]
  0x000001d0688cf000 JavaThread "Unconstrained build operations Thread 31" [_thread_blocked, id=5116, stack(0x0000007e5c100000,0x0000007e5c200000)]
  0x000001d0688cb000 JavaThread "Unconstrained build operations Thread 32" [_thread_blocked, id=3272, stack(0x0000007e5c200000,0x0000007e5c300000)]
  0x000001d0688d1000 JavaThread "Unconstrained build operations Thread 33" [_thread_blocked, id=4264, stack(0x0000007e5c300000,0x0000007e5c400000)]
  0x000001d0688d2800 JavaThread "Unconstrained build operations Thread 34" [_thread_blocked, id=9776, stack(0x0000007e5c400000,0x0000007e5c500000)]
  0x000001d0688d1800 JavaThread "Unconstrained build operations Thread 35" [_thread_blocked, id=8432, stack(0x0000007e5c500000,0x0000007e5c600000)]
  0x000001d06fd9b800 JavaThread "Unconstrained build operations Thread 36" [_thread_blocked, id=8048, stack(0x0000007e5c600000,0x0000007e5c700000)]
  0x000001d06fd9a000 JavaThread "Unconstrained build operations Thread 37" [_thread_blocked, id=3704, stack(0x0000007e5c700000,0x0000007e5c800000)]
  0x000001d06fd98000 JavaThread "Unconstrained build operations Thread 38" [_thread_blocked, id=10648, stack(0x0000007e5c800000,0x0000007e5c900000)]
  0x000001d06fd97800 JavaThread "Unconstrained build operations Thread 39" [_thread_blocked, id=7432, stack(0x0000007e5c900000,0x0000007e5ca00000)]
  0x000001d06fd99000 JavaThread "Unconstrained build operations Thread 40" [_thread_blocked, id=4816, stack(0x0000007e5ca00000,0x0000007e5cb00000)]

Other Threads:
  0x000001d067c27800 VMThread "VM Thread" [stack: 0x0000007e57d00000,0x0000007e57e00000] [id=4104]
  0x000001d06873b800 WatcherThread [stack: 0x0000007e58700000,0x0000007e58800000] [id=6936]
  0x000001d04c0e4800 GCTaskThread "GC Thread#0" [stack: 0x0000007e57800000,0x0000007e57900000] [id=4608]
  0x000001d068f83800 GCTaskThread "GC Thread#1" [stack: 0x0000007e58900000,0x0000007e58a00000] [id=9980]
  0x000001d068b0f800 GCTaskThread "GC Thread#2" [stack: 0x0000007e58a00000,0x0000007e58b00000] [id=7352]
  0x000001d06a6bd000 GCTaskThread "GC Thread#3" [stack: 0x0000007e59500000,0x0000007e59600000] [id=9832]
  0x000001d04c117000 ConcurrentGCThread "G1 Main Marker" [stack: 0x0000007e57900000,0x0000007e57a00000] [id=7680]
=>0x000001d04c119000 ConcurrentGCThread "G1 Conc#0" [stack: 0x0000007e57a00000,0x0000007e57b00000] [id=4992]
  0x000001d04c1a4000 ConcurrentGCThread "G1 Refine#0" [stack: 0x0000007e57b00000,0x0000007e57c00000] [id=10900]
  0x000001d04c1a5000 ConcurrentGCThread "G1 Young RemSet Sampling" [stack: 0x0000007e57c00000,0x0000007e57d00000] [id=8076]

Threads with active compile tasks:
C2 CompilerThread01307979 16701       4       org.gradle.internal.operations.DefaultBuildOperationAncestryTracker::findClosestExistingAncestor (44 bytes)
C2 CompilerThread11307979 16713       4       java.util.TreeSet::iterator (15 bytes)

VM state:not at safepoint (normal execution)

VM Mutex/Monitor currently owned by a thread: None

Heap address: 0x0000000080000000, size: 2048 MB, Compressed Oops mode: 32-bit
Narrow klass base: 0x0000000000000000, Narrow klass shift: 3
Compressed class space size: 1073741824 Address: 0x0000000100000000

Heap:
 garbage-first heap   total 225280K, used 108647K [0x0000000080000000, 0x0000000100000000)
  region size 1024K, 7 young (7168K), 4 survivors (4096K)
 Metaspace       used 121266K, capacity 124382K, committed 124656K, reserved 1157120K
  class space    used 15364K, capacity 16520K, committed 16588K, reserved 1048576K
Heap Regions: E=young(eden), S=young(survivor), O=old, HS=humongous(starts), HC=humongous(continues), CS=collection set, F=free, A=archive, TAMS=top-at-mark-start (previous, next)
|   0|0x0000000080000000, 0x0000000080100000, 0x0000000080100000|100%| O|  |TAMS 0x0000000080100000, 0x0000000080100000| Untracked 
|   1|0x0000000080100000, 0x0000000080200000, 0x0000000080200000|100%| O|  |TAMS 0x0000000080200000, 0x0000000080200000| Untracked 
|   2|0x0000000080200000, 0x0000000080300000, 0x0000000080300000|100%| O|  |TAMS 0x0000000080300000, 0x0000000080300000| Untracked 
|   3|0x0000000080300000, 0x0000000080400000, 0x0000000080400000|100%|HS|  |TAMS 0x0000000080400000, 0x0000000080400000| Complete 
|   4|0x0000000080400000, 0x0000000080500000, 0x0000000080500000|100%|HC|  |TAMS 0x0000000080500000, 0x0000000080500000| Complete 
|   5|0x0000000080500000, 0x0000000080600000, 0x0000000080600000|100%|HC|  |TAMS 0x0000000080600000, 0x0000000080600000| Complete 
|   6|0x0000000080600000, 0x0000000080700000, 0x0000000080700000|100%| O|  |TAMS 0x0000000080700000, 0x0000000080700000| Untracked 
|   7|0x0000000080700000, 0x0000000080800000, 0x0000000080800000|100%| O|  |TAMS 0x0000000080800000, 0x0000000080800000| Untracked 
|   8|0x0000000080800000, 0x0000000080900000, 0x0000000080900000|100%| O|  |TAMS 0x0000000080900000, 0x0000000080900000| Untracked 
|   9|0x0000000080900000, 0x0000000080a00000, 0x0000000080a00000|100%| O|  |TAMS 0x0000000080a00000, 0x0000000080a00000| Untracked 
|  10|0x0000000080a00000, 0x0000000080b00000, 0x0000000080b00000|100%| O|  |TAMS 0x0000000080b00000, 0x0000000080b00000| Untracked 
|  11|0x0000000080b00000, 0x0000000080c00000, 0x0000000080c00000|100%| O|  |TAMS 0x0000000080c00000, 0x0000000080c00000| Untracked 
|  12|0x0000000080c00000, 0x0000000080d00000, 0x0000000080d00000|100%| O|  |TAMS 0x0000000080d00000, 0x0000000080d00000| Untracked 
|  13|0x0000000080d00000, 0x0000000080e00000, 0x0000000080e00000|100%| O|  |TAMS 0x0000000080e00000, 0x0000000080e00000| Untracked 
|  14|0x0000000080e00000, 0x0000000080f00000, 0x0000000080f00000|100%| O|  |TAMS 0x0000000080f00000, 0x0000000080f00000| Untracked 
|  15|0x0000000080f00000, 0x0000000081000000, 0x0000000081000000|100%| O|  |TAMS 0x0000000081000000, 0x0000000081000000| Untracked 
|  16|0x0000000081000000, 0x0000000081100000, 0x0000000081100000|100%|HS|  |TAMS 0x0000000081100000, 0x0000000081100000| Complete 
|  17|0x0000000081100000, 0x0000000081200000, 0x0000000081200000|100%| O|  |TAMS 0x0000000081200000, 0x0000000081200000| Untracked 
|  18|0x0000000081200000, 0x0000000081300000, 0x0000000081300000|100%| O|  |TAMS 0x0000000081300000, 0x0000000081300000| Untracked 
|  19|0x0000000081300000, 0x0000000081400000, 0x0000000081400000|100%| O|  |TAMS 0x0000000081400000, 0x0000000081400000| Untracked 
|  20|0x0000000081400000, 0x0000000081500000, 0x0000000081500000|100%| O|  |TAMS 0x0000000081500000, 0x0000000081500000| Untracked 
|  21|0x0000000081500000, 0x0000000081600000, 0x0000000081600000|100%| O|  |TAMS 0x0000000081600000, 0x0000000081600000| Untracked 
|  22|0x0000000081600000, 0x0000000081700000, 0x0000000081700000|100%| O|  |TAMS 0x0000000081700000, 0x0000000081700000| Untracked 
|  23|0x0000000081700000, 0x0000000081800000, 0x0000000081800000|100%| O|  |TAMS 0x0000000081800000, 0x0000000081800000| Untracked 
|  24|0x0000000081800000, 0x0000000081900000, 0x0000000081900000|100%|HS|  |TAMS 0x0000000081900000, 0x0000000081900000| Complete 
|  25|0x0000000081900000, 0x0000000081a00000, 0x0000000081a00000|100%|HS|  |TAMS 0x0000000081a00000, 0x0000000081a00000| Complete 
|  26|0x0000000081a00000, 0x0000000081b00000, 0x0000000081b00000|100%|HS|  |TAMS 0x0000000081b00000, 0x0000000081b00000| Complete 
|  27|0x0000000081b00000, 0x0000000081c00000, 0x0000000081c00000|100%|HC|  |TAMS 0x0000000081c00000, 0x0000000081c00000| Complete 
|  28|0x0000000081c00000, 0x0000000081d00000, 0x0000000081d00000|100%| O|  |TAMS 0x0000000081d00000, 0x0000000081d00000| Untracked 
|  29|0x0000000081d00000, 0x0000000081e00000, 0x0000000081e00000|100%| O|  |TAMS 0x0000000081e00000, 0x0000000081e00000| Untracked 
|  30|0x0000000081e00000, 0x0000000081f00000, 0x0000000081f00000|100%| O|  |TAMS 0x0000000081f00000, 0x0000000081f00000| Untracked 
|  31|0x0000000081f00000, 0x0000000082000000, 0x0000000082000000|100%| O|  |TAMS 0x0000000082000000, 0x0000000082000000| Untracked 
|  32|0x0000000082000000, 0x0000000082100000, 0x0000000082100000|100%| O|  |TAMS 0x0000000082100000, 0x0000000082100000| Untracked 
|  33|0x0000000082100000, 0x0000000082200000, 0x0000000082200000|100%| O|  |TAMS 0x0000000082200000, 0x0000000082200000| Untracked 
|  34|0x0000000082200000, 0x0000000082300000, 0x0000000082300000|100%| O|  |TAMS 0x0000000082300000, 0x0000000082300000| Untracked 
|  35|0x0000000082300000, 0x0000000082400000, 0x0000000082400000|100%| O|  |TAMS 0x0000000082400000, 0x0000000082400000| Untracked 
|  36|0x0000000082400000, 0x0000000082500000, 0x0000000082500000|100%| O|  |TAMS 0x0000000082500000, 0x0000000082500000| Untracked 
|  37|0x0000000082500000, 0x0000000082600000, 0x0000000082600000|100%| O|  |TAMS 0x0000000082600000, 0x0000000082600000| Untracked 
|  38|0x0000000082600000, 0x0000000082700000, 0x0000000082700000|100%| O|  |TAMS 0x0000000082700000, 0x0000000082700000| Untracked 
|  39|0x0000000082700000, 0x0000000082800000, 0x0000000082800000|100%| O|  |TAMS 0x0000000082800000, 0x0000000082800000| Untracked 
|  40|0x0000000082800000, 0x0000000082900000, 0x0000000082900000|100%| O|  |TAMS 0x0000000082900000, 0x0000000082900000| Untracked 
|  41|0x0000000082900000, 0x0000000082a00000, 0x0000000082a00000|100%| O|  |TAMS 0x0000000082a00000, 0x0000000082a00000| Untracked 
|  42|0x0000000082a00000, 0x0000000082b00000, 0x0000000082b00000|100%| O|  |TAMS 0x0000000082b00000, 0x0000000082b00000| Untracked 
|  43|0x0000000082b00000, 0x0000000082c00000, 0x0000000082c00000|100%| O|  |TAMS 0x0000000082c00000, 0x0000000082c00000| Untracked 
|  44|0x0000000082c00000, 0x0000000082d00000, 0x0000000082d00000|100%| O|  |TAMS 0x0000000082d00000, 0x0000000082d00000| Untracked 
|  45|0x0000000082d00000, 0x0000000082e00000, 0x0000000082e00000|100%| O|  |TAMS 0x0000000082e00000, 0x0000000082e00000| Untracked 
|  46|0x0000000082e00000, 0x0000000082f00000, 0x0000000082f00000|100%| O|  |TAMS 0x0000000082f00000, 0x0000000082f00000| Untracked 
|  47|0x0000000082f00000, 0x0000000083000000, 0x0000000083000000|100%| O|  |TAMS 0x0000000083000000, 0x0000000083000000| Untracked 
|  48|0x0000000083000000, 0x0000000083100000, 0x0000000083100000|100%| O|  |TAMS 0x0000000083100000, 0x0000000083100000| Untracked 
|  49|0x0000000083100000, 0x0000000083200000, 0x0000000083200000|100%| O|  |TAMS 0x0000000083200000, 0x0000000083200000| Untracked 
|  50|0x0000000083200000, 0x0000000083300000, 0x0000000083300000|100%| O|  |TAMS 0x0000000083300000, 0x0000000083300000| Untracked 
|  51|0x0000000083300000, 0x0000000083400000, 0x0000000083400000|100%| O|  |TAMS 0x0000000083400000, 0x0000000083400000| Untracked 
|  52|0x0000000083400000, 0x0000000083500000, 0x0000000083500000|100%| O|  |TAMS 0x0000000083500000, 0x0000000083500000| Untracked 
|  53|0x0000000083500000, 0x0000000083600000, 0x0000000083600000|100%| O|  |TAMS 0x0000000083600000, 0x0000000083600000| Untracked 
|  54|0x0000000083600000, 0x0000000083700000, 0x0000000083700000|100%| O|  |TAMS 0x0000000083700000, 0x0000000083700000| Untracked 
|  55|0x0000000083700000, 0x0000000083800000, 0x0000000083800000|100%| O|  |TAMS 0x0000000083800000, 0x0000000083800000| Untracked 
|  56|0x0000000083800000, 0x0000000083900000, 0x0000000083900000|100%| O|  |TAMS 0x0000000083900000, 0x0000000083900000| Untracked 
|  57|0x0000000083900000, 0x0000000083a00000, 0x0000000083a00000|100%| O|  |TAMS 0x0000000083900000, 0x0000000083a00000| Untracked 
|  58|0x0000000083a00000, 0x0000000083b00000, 0x0000000083b00000|100%| O|  |TAMS 0x0000000083b00000, 0x0000000083b00000| Untracked 
|  59|0x0000000083b00000, 0x0000000083c00000, 0x0000000083c00000|100%| O|  |TAMS 0x0000000083c00000, 0x0000000083c00000| Untracked 
|  60|0x0000000083c00000, 0x0000000083d00000, 0x0000000083d00000|100%| O|  |TAMS 0x0000000083d00000, 0x0000000083d00000| Untracked 
|  61|0x0000000083d00000, 0x0000000083e00000, 0x0000000083e00000|100%| O|  |TAMS 0x0000000083e00000, 0x0000000083e00000| Untracked 
|  62|0x0000000083e00000, 0x0000000083f00000, 0x0000000083f00000|100%| O|  |TAMS 0x0000000083f00000, 0x0000000083f00000| Untracked 
|  63|0x0000000083f00000, 0x0000000084000000, 0x0000000084000000|100%| O|  |TAMS 0x0000000084000000, 0x0000000084000000| Untracked 
|  64|0x0000000084000000, 0x0000000084100000, 0x0000000084100000|100%| O|  |TAMS 0x0000000084100000, 0x0000000084100000| Untracked 
|  65|0x0000000084100000, 0x0000000084200000, 0x0000000084200000|100%| O|  |TAMS 0x0000000084200000, 0x0000000084200000| Untracked 
|  66|0x0000000084200000, 0x0000000084300000, 0x0000000084300000|100%| O|  |TAMS 0x0000000084300000, 0x0000000084300000| Untracked 
|  67|0x0000000084300000, 0x0000000084400000, 0x0000000084400000|100%| O|  |TAMS 0x0000000084400000, 0x0000000084400000| Untracked 
|  68|0x0000000084400000, 0x0000000084500000, 0x0000000084500000|100%| O|  |TAMS 0x0000000084500000, 0x0000000084500000| Untracked 
|  69|0x0000000084500000, 0x0000000084500000, 0x0000000084600000|  0%| F|  |TAMS 0x0000000084500000, 0x0000000084500000| Untracked 
|  70|0x0000000084600000, 0x0000000084700000, 0x0000000084700000|100%| O|  |TAMS 0x0000000084700000, 0x0000000084700000| Untracked 
|  71|0x0000000084700000, 0x0000000084800000, 0x0000000084800000|100%| O|  |TAMS 0x0000000084800000, 0x0000000084800000| Untracked 
|  72|0x0000000084800000, 0x0000000084900000, 0x0000000084900000|100%| O|  |TAMS 0x0000000084900000, 0x0000000084900000| Untracked 
|  73|0x0000000084900000, 0x0000000084925800, 0x0000000084a00000| 14%| O|  |TAMS 0x0000000084900000, 0x0000000084925800| Untracked 
|  74|0x0000000084a00000, 0x0000000084b00000, 0x0000000084b00000|100%| O|  |TAMS 0x0000000084b00000, 0x0000000084b00000| Untracked 
|  75|0x0000000084b00000, 0x0000000084c00000, 0x0000000084c00000|100%| O|  |TAMS 0x0000000084c00000, 0x0000000084c00000| Untracked 
|  76|0x0000000084c00000, 0x0000000084d00000, 0x0000000084d00000|100%| O|  |TAMS 0x0000000084d00000, 0x0000000084d00000| Untracked 
|  77|0x0000000084d00000, 0x0000000084e00000, 0x0000000084e00000|100%| O|  |TAMS 0x0000000084e00000, 0x0000000084e00000| Untracked 
|  78|0x0000000084e00000, 0x0000000084f00000, 0x0000000084f00000|100%| O|  |TAMS 0x0000000084f00000, 0x0000000084f00000| Untracked 
|  79|0x0000000084f00000, 0x0000000085000000, 0x0000000085000000|100%| O|  |TAMS 0x0000000085000000, 0x0000000085000000| Untracked 
|  80|0x0000000085000000, 0x0000000085100000, 0x0000000085100000|100%| O|  |TAMS 0x0000000085100000, 0x0000000085100000| Untracked 
|  81|0x0000000085100000, 0x0000000085200000, 0x0000000085200000|100%| O|  |TAMS 0x0000000085200000, 0x0000000085200000| Untracked 
|  82|0x0000000085200000, 0x0000000085200000, 0x0000000085300000|  0%| F|  |TAMS 0x0000000085200000, 0x0000000085200000| Untracked 
|  83|0x0000000085300000, 0x0000000085400000, 0x0000000085400000|100%| O|  |TAMS 0x0000000085400000, 0x0000000085400000| Untracked 
|  84|0x0000000085400000, 0x0000000085400000, 0x0000000085500000|  0%| F|  |TAMS 0x0000000085400000, 0x0000000085400000| Untracked 
|  85|0x0000000085500000, 0x0000000085600000, 0x0000000085600000|100%| O|  |TAMS 0x0000000085600000, 0x0000000085600000| Untracked 
|  86|0x0000000085600000, 0x0000000085600000, 0x0000000085700000|  0%| F|  |TAMS 0x0000000085600000, 0x0000000085600000| Untracked 
|  87|0x0000000085700000, 0x0000000085800000, 0x0000000085800000|100%| O|  |TAMS 0x0000000085800000, 0x0000000085800000| Untracked 
|  88|0x0000000085800000, 0x0000000085900000, 0x0000000085900000|100%| O|  |TAMS 0x0000000085900000, 0x0000000085900000| Untracked 
|  89|0x0000000085900000, 0x0000000085a00000, 0x0000000085a00000|100%| O|  |TAMS 0x0000000085a00000, 0x0000000085a00000| Untracked 
|  90|0x0000000085a00000, 0x0000000085b00000, 0x0000000085b00000|100%| O|  |TAMS 0x0000000085b00000, 0x0000000085b00000| Untracked 
|  91|0x0000000085b00000, 0x0000000085c00000, 0x0000000085c00000|100%| O|  |TAMS 0x0000000085c00000, 0x0000000085c00000| Untracked 
|  92|0x0000000085c00000, 0x0000000085c00000, 0x0000000085d00000|  0%| F|  |TAMS 0x0000000085c00000, 0x0000000085c00000| Untracked 
|  93|0x0000000085d00000, 0x0000000085d00000, 0x0000000085e00000|  0%| F|  |TAMS 0x0000000085d00000, 0x0000000085d00000| Untracked 
|  94|0x0000000085e00000, 0x0000000085f00000, 0x0000000085f00000|100%| O|  |TAMS 0x0000000085f00000, 0x0000000085f00000| Untracked 
|  95|0x0000000085f00000, 0x0000000086000000, 0x0000000086000000|100%| O|  |TAMS 0x0000000086000000, 0x0000000086000000| Untracked 
|  96|0x0000000086000000, 0x0000000086100000, 0x0000000086100000|100%| O|  |TAMS 0x0000000086100000, 0x0000000086100000| Untracked 
|  97|0x0000000086100000, 0x0000000086200000, 0x0000000086200000|100%| O|  |TAMS 0x0000000086200000, 0x0000000086200000| Untracked 
|  98|0x0000000086200000, 0x0000000086300000, 0x0000000086300000|100%| O|  |TAMS 0x0000000086300000, 0x0000000086300000| Untracked 
|  99|0x0000000086300000, 0x0000000086400000, 0x0000000086400000|100%| O|  |TAMS 0x000000008636f600, 0x0000000086400000| Untracked 
| 100|0x0000000086400000, 0x0000000086400000, 0x0000000086500000|  0%| F|  |TAMS 0x0000000086400000, 0x0000000086400000| Untracked 
| 101|0x0000000086500000, 0x0000000086500000, 0x0000000086600000|  0%| F|  |TAMS 0x0000000086500000, 0x0000000086500000| Untracked 
| 102|0x0000000086600000, 0x0000000086700000, 0x0000000086700000|100%| O|  |TAMS 0x0000000086700000, 0x0000000086700000| Untracked 
| 103|0x0000000086700000, 0x0000000086800000, 0x0000000086800000|100%| O|  |TAMS 0x0000000086800000, 0x0000000086800000| Untracked 
| 104|0x0000000086800000, 0x0000000086900000, 0x0000000086900000|100%| O|  |TAMS 0x0000000086900000, 0x0000000086900000| Untracked 
| 105|0x0000000086900000, 0x0000000086a00000, 0x0000000086a00000|100%| O|  |TAMS 0x0000000086a00000, 0x0000000086a00000| Untracked 
| 106|0x0000000086a00000, 0x0000000086b00000, 0x0000000086b00000|100%| O|  |TAMS 0x0000000086b00000, 0x0000000086b00000| Untracked 
| 107|0x0000000086b00000, 0x0000000086c00000, 0x0000000086c00000|100%| O|  |TAMS 0x0000000086c00000, 0x0000000086c00000| Untracked 
| 108|0x0000000086c00000, 0x0000000086d00000, 0x0000000086d00000|100%| O|  |TAMS 0x0000000086d00000, 0x0000000086d00000| Untracked 
| 109|0x0000000086d00000, 0x0000000086d00000, 0x0000000086e00000|  0%| F|  |TAMS 0x0000000086d00000, 0x0000000086d00000| Untracked 
| 110|0x0000000086e00000, 0x0000000086e00000, 0x0000000086f00000|  0%| F|  |TAMS 0x0000000086e00000, 0x0000000086e00000| Untracked 
| 111|0x0000000086f00000, 0x0000000086f00000, 0x0000000087000000|  0%| F|  |TAMS 0x0000000086f00000, 0x0000000086f00000| Untracked 
| 112|0x0000000087000000, 0x0000000087000000, 0x0000000087100000|  0%| F|  |TAMS 0x0000000087000000, 0x0000000087000000| Untracked 
| 113|0x0000000087100000, 0x0000000087100000, 0x0000000087200000|  0%| F|  |TAMS 0x0000000087100000, 0x0000000087100000| Untracked 
| 114|0x0000000087200000, 0x0000000087200000, 0x0000000087300000|  0%| F|  |TAMS 0x0000000087200000, 0x0000000087200000| Untracked 
| 115|0x0000000087300000, 0x0000000087300000, 0x0000000087400000|  0%| F|  |TAMS 0x0000000087300000, 0x0000000087300000| Untracked 
| 116|0x0000000087400000, 0x0000000087400000, 0x0000000087500000|  0%| F|  |TAMS 0x0000000087400000, 0x0000000087400000| Untracked 
| 117|0x0000000087500000, 0x0000000087500000, 0x0000000087600000|  0%| F|  |TAMS 0x0000000087500000, 0x0000000087500000| Untracked 
| 118|0x0000000087600000, 0x0000000087600000, 0x0000000087700000|  0%| F|  |TAMS 0x0000000087600000, 0x0000000087600000| Untracked 
| 119|0x0000000087700000, 0x0000000087700000, 0x0000000087800000|  0%| F|  |TAMS 0x0000000087700000, 0x0000000087700000| Untracked 
| 120|0x0000000087800000, 0x0000000087800000, 0x0000000087900000|  0%| F|  |TAMS 0x0000000087800000, 0x0000000087800000| Untracked 
| 121|0x0000000087900000, 0x0000000087900000, 0x0000000087a00000|  0%| F|  |TAMS 0x0000000087900000, 0x0000000087900000| Untracked 
| 122|0x0000000087a00000, 0x0000000087a00000, 0x0000000087b00000|  0%| F|  |TAMS 0x0000000087a00000, 0x0000000087a00000| Untracked 
| 123|0x0000000087b00000, 0x0000000087b00000, 0x0000000087c00000|  0%| F|  |TAMS 0x0000000087b00000, 0x0000000087b00000| Untracked 
| 124|0x0000000087c00000, 0x0000000087c00000, 0x0000000087d00000|  0%| F|  |TAMS 0x0000000087c00000, 0x0000000087c00000| Untracked 
| 125|0x0000000087d00000, 0x0000000087d00000, 0x0000000087e00000|  0%| F|  |TAMS 0x0000000087d00000, 0x0000000087d00000| Untracked 
| 126|0x0000000087e00000, 0x0000000087e00000, 0x0000000087f00000|  0%| F|  |TAMS 0x0000000087e00000, 0x0000000087e00000| Untracked 
| 127|0x0000000087f00000, 0x0000000087f00000, 0x0000000088000000|  0%| F|  |TAMS 0x0000000087f00000, 0x0000000087f00000| Untracked 
| 128|0x0000000088000000, 0x0000000088000000, 0x0000000088100000|  0%| F|  |TAMS 0x0000000088000000, 0x0000000088000000| Untracked 
| 129|0x0000000088100000, 0x0000000088100000, 0x0000000088200000|  0%| F|  |TAMS 0x0000000088100000, 0x0000000088100000| Untracked 
| 130|0x0000000088200000, 0x0000000088200000, 0x0000000088300000|  0%| F|  |TAMS 0x0000000088200000, 0x0000000088200000| Untracked 
| 131|0x0000000088300000, 0x0000000088300000, 0x0000000088400000|  0%| F|  |TAMS 0x0000000088300000, 0x0000000088300000| Untracked 
| 132|0x0000000088400000, 0x0000000088400000, 0x0000000088500000|  0%| F|  |TAMS 0x0000000088400000, 0x0000000088400000| Untracked 
| 133|0x0000000088500000, 0x0000000088500000, 0x0000000088600000|  0%| F|  |TAMS 0x0000000088500000, 0x0000000088500000| Untracked 
| 134|0x0000000088600000, 0x0000000088600000, 0x0000000088700000|  0%| F|  |TAMS 0x0000000088600000, 0x0000000088600000| Untracked 
| 135|0x0000000088700000, 0x0000000088700000, 0x0000000088800000|  0%| F|  |TAMS 0x0000000088700000, 0x0000000088700000| Untracked 
| 136|0x0000000088800000, 0x0000000088800000, 0x0000000088900000|  0%| F|  |TAMS 0x0000000088800000, 0x0000000088800000| Untracked 
| 137|0x0000000088900000, 0x0000000088900000, 0x0000000088a00000|  0%| F|  |TAMS 0x0000000088900000, 0x0000000088900000| Untracked 
| 138|0x0000000088a00000, 0x0000000088a00000, 0x0000000088b00000|  0%| F|  |TAMS 0x0000000088a00000, 0x0000000088a00000| Untracked 
| 139|0x0000000088b00000, 0x0000000088b00000, 0x0000000088c00000|  0%| F|  |TAMS 0x0000000088b00000, 0x0000000088b00000| Untracked 
| 140|0x0000000088c00000, 0x0000000088c00000, 0x0000000088d00000|  0%| F|  |TAMS 0x0000000088c00000, 0x0000000088c00000| Untracked 
| 141|0x0000000088d00000, 0x0000000088d00000, 0x0000000088e00000|  0%| F|  |TAMS 0x0000000088d00000, 0x0000000088d00000| Untracked 
| 142|0x0000000088e00000, 0x0000000088e00000, 0x0000000088f00000|  0%| F|  |TAMS 0x0000000088e00000, 0x0000000088e00000| Untracked 
| 143|0x0000000088f00000, 0x0000000088f00000, 0x0000000089000000|  0%| F|  |TAMS 0x0000000088f00000, 0x0000000088f00000| Untracked 
| 144|0x0000000089000000, 0x0000000089000000, 0x0000000089100000|  0%| F|  |TAMS 0x0000000089000000, 0x0000000089000000| Untracked 
| 145|0x0000000089100000, 0x0000000089100000, 0x0000000089200000|  0%| F|  |TAMS 0x0000000089100000, 0x0000000089100000| Untracked 
| 146|0x0000000089200000, 0x0000000089200000, 0x0000000089300000|  0%| F|  |TAMS 0x0000000089200000, 0x0000000089200000| Untracked 
| 147|0x0000000089300000, 0x0000000089300000, 0x0000000089400000|  0%| F|  |TAMS 0x0000000089300000, 0x0000000089300000| Untracked 
| 148|0x0000000089400000, 0x0000000089400000, 0x0000000089500000|  0%| F|  |TAMS 0x0000000089400000, 0x0000000089400000| Untracked 
| 149|0x0000000089500000, 0x0000000089500000, 0x0000000089600000|  0%| F|  |TAMS 0x0000000089500000, 0x0000000089500000| Untracked 
| 150|0x0000000089600000, 0x0000000089600000, 0x0000000089700000|  0%| F|  |TAMS 0x0000000089600000, 0x0000000089600000| Untracked 
| 151|0x0000000089700000, 0x00000000897f4480, 0x0000000089800000| 95%| S|CS|TAMS 0x0000000089700000, 0x0000000089700000| Complete 
| 152|0x0000000089800000, 0x0000000089900000, 0x0000000089900000|100%| S|CS|TAMS 0x0000000089800000, 0x0000000089800000| Complete 
| 153|0x0000000089900000, 0x0000000089a00000, 0x0000000089a00000|100%| S|CS|TAMS 0x0000000089900000, 0x0000000089900000| Complete 
| 154|0x0000000089a00000, 0x0000000089b00000, 0x0000000089b00000|100%| S|CS|TAMS 0x0000000089a00000, 0x0000000089a00000| Complete 
| 155|0x0000000089b00000, 0x0000000089b00000, 0x0000000089c00000|  0%| F|  |TAMS 0x0000000089b00000, 0x0000000089b00000| Untracked 
| 156|0x0000000089c00000, 0x0000000089c00000, 0x0000000089d00000|  0%| F|  |TAMS 0x0000000089c00000, 0x0000000089c00000| Untracked 
| 157|0x0000000089d00000, 0x0000000089d00000, 0x0000000089e00000|  0%| F|  |TAMS 0x0000000089d00000, 0x0000000089d00000| Untracked 
| 158|0x0000000089e00000, 0x0000000089e00000, 0x0000000089f00000|  0%| F|  |TAMS 0x0000000089e00000, 0x0000000089e00000| Untracked 
| 159|0x0000000089f00000, 0x0000000089f00000, 0x000000008a000000|  0%| F|  |TAMS 0x0000000089f00000, 0x0000000089f00000| Untracked 
| 160|0x000000008a000000, 0x000000008a000000, 0x000000008a100000|  0%| F|  |TAMS 0x000000008a000000, 0x000000008a000000| Untracked 
| 161|0x000000008a100000, 0x000000008a100000, 0x000000008a200000|  0%| F|  |TAMS 0x000000008a100000, 0x000000008a100000| Untracked 
| 162|0x000000008a200000, 0x000000008a200000, 0x000000008a300000|  0%| F|  |TAMS 0x000000008a200000, 0x000000008a200000| Untracked 
| 163|0x000000008a300000, 0x000000008a300000, 0x000000008a400000|  0%| F|  |TAMS 0x000000008a300000, 0x000000008a300000| Untracked 
| 164|0x000000008a400000, 0x000000008a400000, 0x000000008a500000|  0%| F|  |TAMS 0x000000008a400000, 0x000000008a400000| Untracked 
| 165|0x000000008a500000, 0x000000008a500000, 0x000000008a600000|  0%| F|  |TAMS 0x000000008a500000, 0x000000008a500000| Untracked 
| 166|0x000000008a600000, 0x000000008a600000, 0x000000008a700000|  0%| F|  |TAMS 0x000000008a600000, 0x000000008a600000| Untracked 
| 167|0x000000008a700000, 0x000000008a700000, 0x000000008a800000|  0%| F|  |TAMS 0x000000008a700000, 0x000000008a700000| Untracked 
| 168|0x000000008a800000, 0x000000008a800000, 0x000000008a900000|  0%| F|  |TAMS 0x000000008a800000, 0x000000008a800000| Untracked 
| 169|0x000000008a900000, 0x000000008a900000, 0x000000008aa00000|  0%| F|  |TAMS 0x000000008a900000, 0x000000008a900000| Untracked 
| 170|0x000000008aa00000, 0x000000008aa00000, 0x000000008ab00000|  0%| F|  |TAMS 0x000000008aa00000, 0x000000008aa00000| Untracked 
| 171|0x000000008ab00000, 0x000000008ab00000, 0x000000008ac00000|  0%| F|  |TAMS 0x000000008ab00000, 0x000000008ab00000| Untracked 
| 172|0x000000008ac00000, 0x000000008ac00000, 0x000000008ad00000|  0%| F|  |TAMS 0x000000008ac00000, 0x000000008ac00000| Untracked 
| 173|0x000000008ad00000, 0x000000008ad00000, 0x000000008ae00000|  0%| F|  |TAMS 0x000000008ad00000, 0x000000008ad00000| Untracked 
| 174|0x000000008ae00000, 0x000000008ae00000, 0x000000008af00000|  0%| F|  |TAMS 0x000000008ae00000, 0x000000008ae00000| Untracked 
| 175|0x000000008af00000, 0x000000008af00000, 0x000000008b000000|  0%| F|  |TAMS 0x000000008af00000, 0x000000008af00000| Untracked 
| 176|0x000000008b000000, 0x000000008b000000, 0x000000008b100000|  0%| F|  |TAMS 0x000000008b000000, 0x000000008b000000| Untracked 
| 177|0x000000008b100000, 0x000000008b100000, 0x000000008b200000|  0%| F|  |TAMS 0x000000008b100000, 0x000000008b100000| Untracked 
| 178|0x000000008b200000, 0x000000008b200000, 0x000000008b300000|  0%| F|  |TAMS 0x000000008b200000, 0x000000008b200000| Untracked 
| 179|0x000000008b300000, 0x000000008b300000, 0x000000008b400000|  0%| F|  |TAMS 0x000000008b300000, 0x000000008b300000| Untracked 
| 180|0x000000008b400000, 0x000000008b400000, 0x000000008b500000|  0%| F|  |TAMS 0x000000008b400000, 0x000000008b400000| Untracked 
| 181|0x000000008b500000, 0x000000008b500000, 0x000000008b600000|  0%| F|  |TAMS 0x000000008b500000, 0x000000008b500000| Untracked 
| 182|0x000000008b600000, 0x000000008b600000, 0x000000008b700000|  0%| F|  |TAMS 0x000000008b600000, 0x000000008b600000| Untracked 
| 183|0x000000008b700000, 0x000000008b700000, 0x000000008b800000|  0%| F|  |TAMS 0x000000008b700000, 0x000000008b700000| Untracked 
| 184|0x000000008b800000, 0x000000008b800000, 0x000000008b900000|  0%| F|  |TAMS 0x000000008b800000, 0x000000008b800000| Untracked 
| 185|0x000000008b900000, 0x000000008b900000, 0x000000008ba00000|  0%| F|  |TAMS 0x000000008b900000, 0x000000008b900000| Untracked 
| 186|0x000000008ba00000, 0x000000008ba00000, 0x000000008bb00000|  0%| F|  |TAMS 0x000000008ba00000, 0x000000008ba00000| Untracked 
| 187|0x000000008bb00000, 0x000000008bb00000, 0x000000008bc00000|  0%| F|  |TAMS 0x000000008bb00000, 0x000000008bb00000| Untracked 
| 188|0x000000008bc00000, 0x000000008bc00000, 0x000000008bd00000|  0%| F|  |TAMS 0x000000008bc00000, 0x000000008bc00000| Untracked 
| 189|0x000000008bd00000, 0x000000008bd00000, 0x000000008be00000|  0%| F|  |TAMS 0x000000008bd00000, 0x000000008bd00000| Untracked 
| 190|0x000000008be00000, 0x000000008be00000, 0x000000008bf00000|  0%| F|  |TAMS 0x000000008be00000, 0x000000008be00000| Untracked 
| 191|0x000000008bf00000, 0x000000008bf00000, 0x000000008c000000|  0%| F|  |TAMS 0x000000008bf00000, 0x000000008bf00000| Untracked 
| 192|0x000000008c000000, 0x000000008c000000, 0x000000008c100000|  0%| F|  |TAMS 0x000000008c000000, 0x000000008c000000| Untracked 
| 193|0x000000008c100000, 0x000000008c100000, 0x000000008c200000|  0%| F|  |TAMS 0x000000008c100000, 0x000000008c100000| Untracked 
| 194|0x000000008c200000, 0x000000008c200000, 0x000000008c300000|  0%| F|  |TAMS 0x000000008c200000, 0x000000008c200000| Untracked 
| 195|0x000000008c300000, 0x000000008c300000, 0x000000008c400000|  0%| F|  |TAMS 0x000000008c300000, 0x000000008c300000| Untracked 
| 196|0x000000008c400000, 0x000000008c400000, 0x000000008c500000|  0%| F|  |TAMS 0x000000008c400000, 0x000000008c400000| Untracked 
| 197|0x000000008c500000, 0x000000008c500000, 0x000000008c600000|  0%| F|  |TAMS 0x000000008c500000, 0x000000008c500000| Untracked 
| 198|0x000000008c600000, 0x000000008c600000, 0x000000008c700000|  0%| F|  |TAMS 0x000000008c600000, 0x000000008c600000| Untracked 
| 199|0x000000008c700000, 0x000000008c700000, 0x000000008c800000|  0%| F|  |TAMS 0x000000008c700000, 0x000000008c700000| Untracked 
| 200|0x000000008c800000, 0x000000008c800000, 0x000000008c900000|  0%| F|  |TAMS 0x000000008c800000, 0x000000008c800000| Untracked 
| 201|0x000000008c900000, 0x000000008c900000, 0x000000008ca00000|  0%| F|  |TAMS 0x000000008c900000, 0x000000008c900000| Untracked 
| 202|0x000000008ca00000, 0x000000008ca00000, 0x000000008cb00000|  0%| F|  |TAMS 0x000000008ca00000, 0x000000008ca00000| Untracked 
| 203|0x000000008cb00000, 0x000000008cb00000, 0x000000008cc00000|  0%| F|  |TAMS 0x000000008cb00000, 0x000000008cb00000| Untracked 
| 204|0x000000008cc00000, 0x000000008cc00000, 0x000000008cd00000|  0%| F|  |TAMS 0x000000008cc00000, 0x000000008cc00000| Untracked 
| 205|0x000000008cd00000, 0x000000008cd00000, 0x000000008ce00000|  0%| F|  |TAMS 0x000000008cd00000, 0x000000008cd00000| Untracked 
| 206|0x000000008ce00000, 0x000000008ce00000, 0x000000008cf00000|  0%| F|  |TAMS 0x000000008ce00000, 0x000000008ce00000| Untracked 
| 207|0x000000008cf00000, 0x000000008cf00000, 0x000000008d000000|  0%| F|  |TAMS 0x000000008cf00000, 0x000000008cf00000| Untracked 
| 208|0x000000008d000000, 0x000000008d000000, 0x000000008d100000|  0%| F|  |TAMS 0x000000008d000000, 0x000000008d000000| Untracked 
| 209|0x000000008d100000, 0x000000008d100000, 0x000000008d200000|  0%| F|  |TAMS 0x000000008d100000, 0x000000008d100000| Untracked 
| 210|0x000000008d200000, 0x000000008d200000, 0x000000008d300000|  0%| F|  |TAMS 0x000000008d200000, 0x000000008d200000| Untracked 
| 211|0x000000008d300000, 0x000000008d300000, 0x000000008d400000|  0%| F|  |TAMS 0x000000008d300000, 0x000000008d300000| Untracked 
| 212|0x000000008d400000, 0x000000008d400000, 0x000000008d500000|  0%| F|  |TAMS 0x000000008d400000, 0x000000008d400000| Untracked 
| 213|0x000000008d500000, 0x000000008d500000, 0x000000008d600000|  0%| F|  |TAMS 0x000000008d500000, 0x000000008d500000| Untracked 
| 214|0x000000008d600000, 0x000000008d600000, 0x000000008d700000|  0%| F|  |TAMS 0x000000008d600000, 0x000000008d600000| Untracked 
| 215|0x000000008d700000, 0x000000008d700000, 0x000000008d800000|  0%| F|  |TAMS 0x000000008d700000, 0x000000008d700000| Untracked 
| 216|0x000000008d800000, 0x000000008d800000, 0x000000008d900000|  0%| F|  |TAMS 0x000000008d800000, 0x000000008d800000| Untracked 
| 217|0x000000008d900000, 0x000000008d9e26b8, 0x000000008da00000| 88%| E|  |TAMS 0x000000008d900000, 0x000000008d900000| Complete 
| 218|0x000000008da00000, 0x000000008db00000, 0x000000008db00000|100%| E|CS|TAMS 0x000000008da00000, 0x000000008da00000| Complete 
| 219|0x000000008db00000, 0x000000008dc00000, 0x000000008dc00000|100%| E|CS|TAMS 0x000000008db00000, 0x000000008db00000| Complete 

Card table byte_map: [0x000001d060e30000,0x000001d061230000] _byte_map_base: 0x000001d060a30000

Marking Bits (Prev, Next): (CMBitMap*) 0x000001d04c10df60, (CMBitMap*) 0x000001d04c10df28
 Prev Bits: [0x000001d063630000, 0x000001d065630000)
 Next Bits: [0x000001d061630000, 0x000001d063630000)

Polling page: 0x000001d04beb0000

Metaspace:

Usage:
  Non-class:    105.33 MB capacity,   103.42 MB ( 98%) used,     1.53 MB (  1%) free+waste,   385.13 KB ( <1%) overhead. 
      Class:     16.13 MB capacity,    15.00 MB ( 93%) used,   983.34 KB (  6%) free+waste,   172.13 KB (  1%) overhead. 
       Both:    121.47 MB capacity,   118.43 MB ( 97%) used,     2.49 MB (  2%) free+waste,   557.25 KB ( <1%) overhead. 

Virtual space:
  Non-class space:      106.00 MB reserved,     105.54 MB (>99%) committed 
      Class space:        1.00 GB reserved,      16.20 MB (  2%) committed 
             Both:        1.10 GB reserved,     121.73 MB ( 11%) committed 

Chunk freelists:
   Non-Class:  14.00 KB
       Class:  56.00 KB
        Both:  70.00 KB

MaxMetaspaceSize: 17179869184.00 GB
CompressedClassSpaceSize: 1.00 GB

CodeHeap 'non-profiled nmethods': size=120064Kb used=10054Kb max_used=10054Kb free=110009Kb
 bounds [0x000001d058ec0000, 0x000001d0598a0000, 0x000001d060400000]
CodeHeap 'profiled nmethods': size=120000Kb used=36828Kb max_used=36828Kb free=83171Kb
 bounds [0x000001d051990000, 0x000001d053d90000, 0x000001d058ec0000]
CodeHeap 'non-nmethods': size=5696Kb used=2354Kb max_used=2438Kb free=3341Kb
 bounds [0x000001d051400000, 0x000001d051670000, 0x000001d051990000]
 total_blobs=17494 nmethods=16517 adapters=888
 compilation: enabled
              stopped_count=0, restarted_count=0
 full_count=0

Compilation events (20 events):
Event: 1307.914 Thread 0x000001d067c55800 16653       3       org.gradle.api.internal.CompositeDomainObjectSet$DomainObjectCompositeCollection::isEmpty (45 bytes)
Event: 1307.914 Thread 0x000001d067c4e000 nmethod 16644 0x000001d05988af90 code [0x000001d05988b180, 0x000001d05988b838]
Event: 1307.914 Thread 0x000001d067c55800 nmethod 16653 0x000001d053d5e590 code [0x000001d053d5e7a0, 0x000001d053d5ed98]
Event: 1307.914 Thread 0x000001d067c55800 16654       3       org.gradle.api.internal.artifacts.ivyservice.resolveengine.graph.builder.ModuleResolveState::select (37 bytes)
Event: 1307.915 Thread 0x000001d067c55800 nmethod 16654 0x000001d053d5ef10 code [0x000001d053d5f0c0, 0x000001d053d5f248]
Event: 1307.915 Thread 0x000001d068abc000 nmethod 16625 0x000001d05988be10 code [0x000001d05988bfa0, 0x000001d05988c058]
Event: 1307.915 Thread 0x000001d067c55800 16655       3       org.gradle.api.internal.provider.FlatMapProvider::doMapValue (27 bytes)
Event: 1307.915 Thread 0x000001d067c55800 nmethod 16655 0x000001d053d5f310 code [0x000001d053d5f500, 0x000001d053d5fa88]
Event: 1307.916 Thread 0x000001d067c55800 16656       1       org.gradle.api.internal.artifacts.configurations.DefaultConfiguration$ConfigurationArtifactCollection::getArtifactFiles (5 bytes)
Event: 1307.916 Thread 0x000001d067c55800 nmethod 16656 0x000001d05988c190 code [0x000001d05988c340, 0x000001d05988c3f8]
Event: 1307.916 Thread 0x000001d067c55800 16657       1       org.gradle.api.internal.tasks.properties.annotations.NestedBeanAnnotationHandler::shouldVisit (2 bytes)
Event: 1307.916 Thread 0x000001d067c55800 nmethod 16657 0x000001d05988c490 code [0x000001d05988c640, 0x000001d05988c6f8]
Event: 1307.917 Thread 0x000001d067c55800 16658       3       org.gradle.api.internal.provider.AbstractMinimalProvider::getProducer (4 bytes)
Event: 1307.917 Thread 0x000001d067c55800 nmethod 16658 0x000001d053d5fc10 code [0x000001d053d5fdc0, 0x000001d053d5ff18]
Event: 1307.920 Thread 0x000001d067c55800 16659       3       kotlin.collections.EmptyList::iterator (7 bytes)
Event: 1307.920 Thread 0x000001d067c55800 nmethod 16659 0x000001d053d60010 code [0x000001d053d601c0, 0x000001d053d602d8]
Event: 1307.920 Thread 0x000001d067c55800 16660       1       org.gradle.api.internal.provider.ValueSupplier$ValueProducer::isKnown (2 bytes)
Event: 1307.920 Thread 0x000001d067c55800 nmethod 16660 0x000001d05988c790 code [0x000001d05988c940, 0x000001d05988c9f8]
Event: 1307.920 Thread 0x000001d067c55800 16661       3       java.lang.Class::asSubclass (22 bytes)
Event: 1307.920 Thread 0x000001d067c55800 nmethod 16661 0x000001d053d60390 code [0x000001d053d60580, 0x000001d053d607e8]

GC Heap History (20 events):
Event: 18.393 GC heap before
{Heap before GC invocations=24 (full 0):
 garbage-first heap   total 225280K, used 152068K [0x0000000080000000, 0x0000000100000000)
  region size 1024K, 60 young (61440K), 6 survivors (6144K)
 Metaspace       used 92265K, capacity 94395K, committed 94576K, reserved 1132544K
  class space    used 11761K, capacity 12578K, committed 12620K, reserved 1048576K
}
Event: 18.403 GC heap after
{Heap after GC invocations=25 (full 0):
 garbage-first heap   total 225280K, used 101698K [0x0000000080000000, 0x0000000100000000)
  region size 1024K, 7 young (7168K), 7 survivors (7168K)
 Metaspace       used 92265K, capacity 94395K, committed 94576K, reserved 1132544K
  class space    used 11761K, capacity 12578K, committed 12620K, reserved 1048576K
}
Event: 21.291 GC heap before
{Heap before GC invocations=25 (full 0):
 garbage-first heap   total 225280K, used 158018K [0x0000000080000000, 0x0000000100000000)
  region size 1024K, 63 young (64512K), 7 survivors (7168K)
 Metaspace       used 93273K, capacity 95420K, committed 95728K, reserved 1132544K
  class space    used 11868K, capacity 12666K, committed 12748K, reserved 1048576K
}
Event: 21.302 GC heap after
{Heap after GC invocations=26 (full 0):
 garbage-first heap   total 225280K, used 104754K [0x0000000080000000, 0x0000000100000000)
  region size 1024K, 7 young (7168K), 7 survivors (7168K)
 Metaspace       used 93273K, capacity 95420K, committed 95728K, reserved 1132544K
  class space    used 11868K, capacity 12666K, committed 12748K, reserved 1048576K
}
Event: 22.357 GC heap before
{Heap before GC invocations=26 (full 0):
 garbage-first heap   total 225280K, used 166194K [0x0000000080000000, 0x0000000100000000)
  region size 1024K, 66 young (67584K), 7 survivors (7168K)
 Metaspace       used 100483K, capacity 102758K, committed 103024K, reserved 1138688K
  class space    used 12767K, capacity 13622K, committed 13644K, reserved 1048576K
}
Event: 22.370 GC heap after
{Heap after GC invocations=27 (full 0):
 garbage-first heap   total 225280K, used 113014K [0x0000000080000000, 0x0000000100000000)
  region size 1024K, 9 young (9216K), 9 survivors (9216K)
 Metaspace       used 100483K, capacity 102758K, committed 103024K, reserved 1138688K
  class space    used 12767K, capacity 13622K, committed 13644K, reserved 1048576K
}
Event: 23.020 GC heap before
{Heap before GC invocations=27 (full 0):
 garbage-first heap   total 225280K, used 143734K [0x0000000080000000, 0x0000000100000000)
  region size 1024K, 40 young (40960K), 9 survivors (9216K)
 Metaspace       used 102279K, capacity 104664K, committed 104816K, reserved 1140736K
  class space    used 12971K, capacity 13828K, committed 13900K, reserved 1048576K
}
Event: 23.029 GC heap after
{Heap after GC invocations=28 (full 0):
 garbage-first heap   total 225280K, used 113044K [0x0000000080000000, 0x0000000100000000)
  region size 1024K, 2 young (2048K), 2 survivors (2048K)
 Metaspace       used 102279K, capacity 104664K, committed 104816K, reserved 1140736K
  class space    used 12971K, capacity 13828K, committed 13900K, reserved 1048576K
}
Event: 23.899 GC heap before
{Heap before GC invocations=29 (full 0):
 garbage-first heap   total 225280K, used 155028K [0x0000000080000000, 0x0000000100000000)
  region size 1024K, 52 young (53248K), 2 survivors (2048K)
 Metaspace       used 109724K, capacity 112489K, committed 112496K, reserved 1146880K
  class space    used 14138K, capacity 15180K, committed 15180K, reserved 1048576K
}
Event: 23.913 GC heap after
{Heap after GC invocations=30 (full 0):
 garbage-first heap   total 225280K, used 109888K [0x0000000080000000, 0x0000000100000000)
  region size 1024K, 7 young (7168K), 7 survivors (7168K)
 Metaspace       used 109724K, capacity 112489K, committed 112496K, reserved 1146880K
  class space    used 14138K, capacity 15180K, committed 15180K, reserved 1048576K
}
Event: 23.991 GC heap before
{Heap before GC invocations=30 (full 0):
 garbage-first heap   total 225280K, used 112960K [0x0000000080000000, 0x0000000100000000)
  region size 1024K, 11 young (11264K), 7 survivors (7168K)
 Metaspace       used 110700K, capacity 113582K, committed 113776K, reserved 1148928K
  class space    used 14290K, capacity 15397K, committed 15436K, reserved 1048576K
}
Event: 24.000 GC heap after
{Heap after GC invocations=31 (full 0):
 garbage-first heap   total 225280K, used 105917K [0x0000000080000000, 0x0000000100000000)
  region size 1024K, 1 young (1024K), 1 survivors (1024K)
 Metaspace       used 110700K, capacity 113582K, committed 113776K, reserved 1148928K
  class space    used 14290K, capacity 15397K, committed 15436K, reserved 1048576K
}
Event: 24.723 GC heap before
{Heap before GC invocations=31 (full 0):
 garbage-first heap   total 225280K, used 144829K [0x0000000080000000, 0x0000000100000000)
  region size 1024K, 41 young (41984K), 1 survivors (1024K)
 Metaspace       used 113723K, capacity 116881K, committed 116976K, reserved 1150976K
  class space    used 14606K, capacity 15794K, committed 15820K, reserved 1048576K
}
Event: 24.729 GC heap after
{Heap after GC invocations=32 (full 0):
 garbage-first heap   total 225280K, used 107069K [0x0000000080000000, 0x0000000100000000)
  region size 1024K, 3 young (3072K), 3 survivors (3072K)
 Metaspace       used 113723K, capacity 116881K, committed 116976K, reserved 1150976K
  class space    used 14606K, capacity 15794K, committed 15820K, reserved 1048576K
}
Event: 25.972 GC heap before
{Heap before GC invocations=33 (full 0):
 garbage-first heap   total 225280K, used 171581K [0x0000000080000000, 0x0000000100000000)
  region size 1024K, 60 young (61440K), 3 survivors (3072K)
 Metaspace       used 117273K, capacity 120294K, committed 120560K, reserved 1153024K
  class space    used 15096K, capacity 16214K, committed 16332K, reserved 1048576K
}
Event: 25.979 GC heap after
{Heap after GC invocations=34 (full 0):
 garbage-first heap   total 225280K, used 104592K [0x0000000080000000, 0x0000000100000000)
  region size 1024K, 2 young (2048K), 2 survivors (2048K)
 Metaspace       used 117273K, capacity 120294K, committed 120560K, reserved 1153024K
  class space    used 15096K, capacity 16214K, committed 16332K, reserved 1048576K
}
Event: 26.137 GC heap before
{Heap before GC invocations=34 (full 0):
 garbage-first heap   total 225280K, used 112784K [0x0000000080000000, 0x0000000100000000)
  region size 1024K, 11 young (11264K), 2 survivors (2048K)
 Metaspace       used 118984K, capacity 122070K, committed 122352K, reserved 1155072K
  class space    used 15261K, capacity 16400K, committed 16588K, reserved 1048576K
}
Event: 26.144 GC heap after
{Heap after GC invocations=35 (full 0):
 garbage-first heap   total 225280K, used 102824K [0x0000000080000000, 0x0000000100000000)
  region size 1024K, 1 young (1024K), 1 survivors (1024K)
 Metaspace       used 118984K, capacity 122070K, committed 122352K, reserved 1155072K
  class space    used 15261K, capacity 16400K, committed 16588K, reserved 1048576K
}
Event: 1307.801 GC heap before
{Heap before GC invocations=35 (full 0):
 garbage-first heap   total 225280K, used 167336K [0x0000000080000000, 0x0000000100000000)
  region size 1024K, 65 young (66560K), 1 survivors (1024K)
 Metaspace       used 121157K, capacity 124294K, committed 124400K, reserved 1157120K
  class space    used 15362K, capacity 16516K, committed 16588K, reserved 1048576K
}
Event: 1307.823 GC heap after
{Heap after GC invocations=36 (full 0):
 garbage-first heap   total 225280K, used 106599K [0x0000000080000000, 0x0000000100000000)
  region size 1024K, 4 young (4096K), 4 survivors (4096K)
 Metaspace       used 121157K, capacity 124294K, committed 124400K, reserved 1157120K
  class space    used 15362K, capacity 16516K, committed 16588K, reserved 1048576K
}

Deoptimization events (20 events):
Event: 1307.441 Thread 0x000001d068ab5800 Uncommon trap: trap_request=0xffffffc6 fr.pc=0x000001d0594c0f68 relative=0x0000000000000308
Event: 1307.441 Thread 0x000001d068ab5800 Uncommon trap: reason=bimorphic_or_optimized_type_check action=maybe_recompile pc=0x000001d0594c0f68 method=java.util.Comparator.lambda$comparing$77a9974f$1(Ljava/util/function/Function;Ljava/lang/Object;Ljava/lang/Object;)I @ 17 c2
Event: 1307.441 Thread 0x000001d068ab5800 DEOPT PACKING pc=0x000001d0594c0f68 sp=0x0000007e588fac00
Event: 1307.441 Thread 0x000001d068ab5800 DEOPT UNPACKING pc=0x000001d05142662f sp=0x0000007e588fab10 mode 2
Event: 1307.441 Thread 0x000001d068ab5800 Uncommon trap: trap_request=0xffffffc6 fr.pc=0x000001d0594c0f68 relative=0x0000000000000308
Event: 1307.441 Thread 0x000001d068ab5800 Uncommon trap: reason=bimorphic_or_optimized_type_check action=maybe_recompile pc=0x000001d0594c0f68 method=java.util.Comparator.lambda$comparing$77a9974f$1(Ljava/util/function/Function;Ljava/lang/Object;Ljava/lang/Object;)I @ 17 c2
Event: 1307.441 Thread 0x000001d068ab5800 DEOPT PACKING pc=0x000001d0594c0f68 sp=0x0000007e588fac00
Event: 1307.441 Thread 0x000001d068ab5800 DEOPT UNPACKING pc=0x000001d05142662f sp=0x0000007e588fab10 mode 2
Event: 1307.441 Thread 0x000001d068ab5800 Uncommon trap: trap_request=0xffffffc6 fr.pc=0x000001d0594c0f68 relative=0x0000000000000308
Event: 1307.441 Thread 0x000001d068ab5800 Uncommon trap: reason=bimorphic_or_optimized_type_check action=maybe_recompile pc=0x000001d0594c0f68 method=java.util.Comparator.lambda$comparing$77a9974f$1(Ljava/util/function/Function;Ljava/lang/Object;Ljava/lang/Object;)I @ 17 c2
Event: 1307.441 Thread 0x000001d068ab5800 DEOPT PACKING pc=0x000001d0594c0f68 sp=0x0000007e588fac00
Event: 1307.441 Thread 0x000001d068ab5800 DEOPT UNPACKING pc=0x000001d05142662f sp=0x0000007e588fab10 mode 2
Event: 1307.441 Thread 0x000001d068ab5800 Uncommon trap: trap_request=0xffffffc6 fr.pc=0x000001d0594c0f68 relative=0x0000000000000308
Event: 1307.441 Thread 0x000001d068ab5800 Uncommon trap: reason=bimorphic_or_optimized_type_check action=maybe_recompile pc=0x000001d0594c0f68 method=java.util.Comparator.lambda$comparing$77a9974f$1(Ljava/util/function/Function;Ljava/lang/Object;Ljava/lang/Object;)I @ 17 c2
Event: 1307.441 Thread 0x000001d068ab5800 DEOPT PACKING pc=0x000001d0594c0f68 sp=0x0000007e588fab40
Event: 1307.441 Thread 0x000001d068ab5800 DEOPT UNPACKING pc=0x000001d05142662f sp=0x0000007e588faa68 mode 2
Event: 1307.454 Thread 0x000001d068ab5800 DEOPT PACKING pc=0x000001d051e2b8f9 sp=0x0000007e588f8950
Event: 1307.454 Thread 0x000001d068ab5800 DEOPT UNPACKING pc=0x000001d051426dde sp=0x0000007e588f7e18 mode 0
Event: 1307.890 Thread 0x000001d068ab5800 DEOPT PACKING pc=0x000001d05296e6e2 sp=0x0000007e588f91e0
Event: 1307.890 Thread 0x000001d068ab5800 DEOPT UNPACKING pc=0x000001d051426dde sp=0x0000007e588f86a0 mode 0

Classes redefined (0 events):
No events

Internal exceptions (20 events):
Event: 25.579 Thread 0x000001d071b06000 Exception <a 'java/lang/NoSuchMethodError'{0x000000008b3b9d80}: 'java.lang.Object java.lang.invoke.DirectMethodHandle$Holder.invokeStatic(java.lang.Object, java.lang.Object, java.lang.Object, java.lang.Object, java.lang.Object, java.lang.Object, java.lang.Object, int)'> (0x000000008b3b9d80) thrown at [./src/hotspot/share/interpreter/linkResolver.cpp, line 773]
Event: 25.580 Thread 0x000001d071b06000 Exception <a 'java/lang/NoSuchMethodError'{0x000000008b3be1b8}: 'java.lang.Object java.lang.invoke.DirectMethodHandle$Holder.invokeSpecial(java.lang.Object, java.lang.Object, java.lang.Object, java.lang.Object, java.lang.Object, java.lang.Object, java.lang.Object, java.lang.Object, int)'> (0x000000008b3be1b8) thrown at [./src/hotspot/share/interpreter/linkResolver.cpp, line 773]
Event: 25.580 Thread 0x000001d071b06000 Exception <a 'java/lang/NoSuchMethodError'{0x000000008b3c1f70}: 'java.lang.Object java.lang.invoke.Invokers$Holder.linkToTargetMethod(java.lang.Object, java.lang.Object, java.lang.Object, java.lang.Object, java.lang.Object, java.lang.Object, int, java.lang.Object)'> (0x000000008b3c1f70) thrown at [./src/hotspot/share/interpreter/linkResolver.cpp, line 773]
Event: 25.916 Thread 0x000001d071b05800 Exception <a 'sun/nio/fs/WindowsException'{0x000000008a101078}> (0x000000008a101078) thrown at [./src/hotspot/share/prims/jni.cpp, line 615]
Event: 25.925 Thread 0x000001d06b169000 Exception <a 'sun/nio/fs/WindowsException'{0x000000008a154a90}> (0x000000008a154a90) thrown at [./src/hotspot/share/prims/jni.cpp, line 615]
Event: 25.925 Thread 0x000001d06b169000 Exception <a 'sun/nio/fs/WindowsException'{0x000000008a154c08}> (0x000000008a154c08) thrown at [./src/hotspot/share/prims/jni.cpp, line 615]
Event: 25.925 Thread 0x000001d06b169000 Exception <a 'sun/nio/fs/WindowsException'{0x000000008a1565d0}> (0x000000008a1565d0) thrown at [./src/hotspot/share/prims/jni.cpp, line 615]
Event: 25.990 Thread 0x000001d06b169000 Implicit null exception at 0x000001d05919854e to 0x000001d059199808
Event: 26.031 Thread 0x000001d06b169000 Exception <a 'java/lang/NoSuchMethodError'{0x000000008d9be938}: 'java.lang.Object java.lang.invoke.DirectMethodHandle$Holder.invokeSpecial(java.lang.Object, java.lang.Object, java.lang.Object, java.lang.Object, int, java.lang.Object, java.lang.Object)'> (0x000000008d9be938) thrown at [./src/hotspot/share/interpreter/linkResolver.cpp, line 773]
Event: 32.168 Thread 0x000001d06aa0d800 Implicit null exception at 0x000001d058ef2df4 to 0x000001d058ef32ec
Event: 32.169 Thread 0x000001d06aa0d800 Implicit null exception at 0x000001d05924c694 to 0x000001d05924cc50
Event: 1306.016 Thread 0x000001d068ab5800 Implicit null exception at 0x000001d0594ff362 to 0x000001d0594ffe6c
Event: 1306.016 Thread 0x000001d068ab5800 Implicit null exception at 0x000001d0598068f3 to 0x000001d05980d1d8
Event: 1307.508 Thread 0x000001d068ab5800 Exception <a 'sun/nio/fs/WindowsException'{0x000000008a061868}> (0x000000008a061868) thrown at [./src/hotspot/share/prims/jni.cpp, line 615]
Event: 1307.669 Thread 0x000001d068ab5800 Exception <a 'java/lang/NoClassDefFoundError'{0x0000000089da1170}: org/jetbrains/kotlin/gradle/plugin/KotlinBasePluginWrapper> (0x0000000089da1170) thrown at [./src/hotspot/share/oops/constantPool.cpp, line 775]
Event: 1307.849 Thread 0x000001d068ab5800 Exception <a 'sun/nio/fs/WindowsException'{0x000000008db4c4c8}> (0x000000008db4c4c8) thrown at [./src/hotspot/share/prims/jni.cpp, line 615]
Event: 1307.876 Thread 0x000001d068ab5800 Exception <a 'sun/nio/fs/WindowsException'{0x000000008dbef6d8}> (0x000000008dbef6d8) thrown at [./src/hotspot/share/prims/jni.cpp, line 615]
Event: 1307.876 Thread 0x000001d068ab5800 Exception <a 'sun/nio/fs/WindowsException'{0x000000008dbf0a50}> (0x000000008dbf0a50) thrown at [./src/hotspot/share/prims/jni.cpp, line 615]
Event: 1307.876 Thread 0x000001d068ab5800 Exception <a 'sun/nio/fs/WindowsException'{0x000000008dbf1e18}> (0x000000008dbf1e18) thrown at [./src/hotspot/share/prims/jni.cpp, line 615]
Event: 1307.876 Thread 0x000001d068ab5800 Exception <a 'sun/nio/fs/WindowsException'{0x000000008dbf31e0}> (0x000000008dbf31e0) thrown at [./src/hotspot/share/prims/jni.cpp, line 615]

Events (20 events):
Event: 1307.452 Executing VM operation: RevokeBias
Event: 1307.452 Executing VM operation: RevokeBias done
Event: 1307.462 Executing VM operation: RevokeBias
Event: 1307.462 Executing VM operation: RevokeBias done
Event: 1307.484 Executing VM operation: RevokeBias
Event: 1307.485 Executing VM operation: RevokeBias done
Event: 1307.525 Executing VM operation: RevokeBias
Event: 1307.525 Executing VM operation: RevokeBias done
Event: 1307.525 Executing VM operation: RevokeBias
Event: 1307.525 Executing VM operation: RevokeBias done
Event: 1307.529 Executing VM operation: RevokeBias
Event: 1307.529 Executing VM operation: RevokeBias done
Event: 1307.703 Executing VM operation: RevokeBias
Event: 1307.703 Executing VM operation: RevokeBias done
Event: 1307.801 Executing VM operation: G1CollectForAllocation
Event: 1307.823 Executing VM operation: G1CollectForAllocation done
Event: 1307.840 Executing VM operation: RevokeBias
Event: 1307.841 Executing VM operation: RevokeBias done
Event: 1307.850 Executing VM operation: RevokeBias
Event: 1307.850 Executing VM operation: RevokeBias done


Dynamic libraries:
0x00007ff7c7040000 - 0x00007ff7c704a000 	C:\Program Files\Android\Android Studio2\jre\bin\java.exe
0x00007ff92a190000 - 0x00007ff92a385000 	C:\WINDOWS\SYSTEM32\ntdll.dll
0x00007ff928d60000 - 0x00007ff928e1e000 	C:\WINDOWS\System32\KERNEL32.DLL
0x00007ff927e10000 - 0x00007ff9280d8000 	C:\WINDOWS\System32\KERNELBASE.dll
0x00007ff927950000 - 0x00007ff927a50000 	C:\WINDOWS\System32\ucrtbase.dll
0x00007ff91be90000 - 0x00007ff91bea7000 	C:\Program Files\Android\Android Studio2\jre\bin\VCRUNTIME140.dll
0x00007ff91bd60000 - 0x00007ff91bd79000 	C:\Program Files\Android\Android Studio2\jre\bin\jli.dll
0x00007ff928f20000 - 0x00007ff9290c1000 	C:\WINDOWS\System32\USER32.dll
0x00007ff926f50000 - 0x00007ff9271ea000 	C:\WINDOWS\WinSxS\amd64_microsoft.windows.common-controls_6595b64144ccf1df_6.0.19041.1110_none_60b5254171f9507e\COMCTL32.dll
0x00007ff927bb0000 - 0x00007ff927bd2000 	C:\WINDOWS\System32\win32u.dll
0x00007ff928e80000 - 0x00007ff928f1e000 	C:\WINDOWS\System32\msvcrt.dll
0x00007ff928bf0000 - 0x00007ff928c1b000 	C:\WINDOWS\System32\GDI32.dll
0x00007ff927cd0000 - 0x00007ff927ddd000 	C:\WINDOWS\System32\gdi32full.dll
0x00007ff927be0000 - 0x00007ff927c7d000 	C:\WINDOWS\System32\msvcp_win.dll
0x00007ff928e30000 - 0x00007ff928e60000 	C:\WINDOWS\System32\IMM32.DLL
0x00007ff901200000 - 0x00007ff90129d000 	C:\Program Files\Android\Android Studio2\jre\bin\msvcp140.dll
0x00007ff8cd770000 - 0x00007ff8ce245000 	C:\Program Files\Android\Android Studio2\jre\bin\server\jvm.dll
0x00007ff929fd0000 - 0x00007ff92a07e000 	C:\WINDOWS\System32\ADVAPI32.dll
0x00007ff929f30000 - 0x00007ff929fcc000 	C:\WINDOWS\System32\sechost.dll
0x00007ff928c30000 - 0x00007ff928d55000 	C:\WINDOWS\System32\RPCRT4.dll
0x00007ff928c20000 - 0x00007ff928c28000 	C:\WINDOWS\System32\PSAPI.DLL
0x00007ff927490000 - 0x00007ff927499000 	C:\WINDOWS\SYSTEM32\WSOCK32.dll
0x00007ff9095b0000 - 0x00007ff9095d7000 	C:\WINDOWS\SYSTEM32\WINMM.dll
0x00007ff919390000 - 0x00007ff91939a000 	C:\WINDOWS\SYSTEM32\VERSION.dll
0x00007ff928b80000 - 0x00007ff928beb000 	C:\WINDOWS\System32\WS2_32.dll
0x00007ff925af0000 - 0x00007ff925b02000 	C:\WINDOWS\SYSTEM32\kernel.appcore.dll
0x00007ff9250e0000 - 0x00007ff9250f1000 	C:\Program Files\Android\Android Studio2\jre\bin\verify.dll
0x00007ff927240000 - 0x00007ff927424000 	C:\WINDOWS\SYSTEM32\DBGHELP.DLL
0x00007ff927210000 - 0x00007ff92723c000 	C:\WINDOWS\SYSTEM32\dbgcore.DLL
0x00007ff928140000 - 0x00007ff9281c2000 	C:\WINDOWS\System32\bcryptPrimitives.dll
0x00007ff925060000 - 0x00007ff925089000 	C:\Program Files\Android\Android Studio2\jre\bin\java.dll
0x00007ff927450000 - 0x00007ff92745b000 	C:\Program Files\Android\Android Studio2\jre\bin\jimage.dll
0x00007ff925040000 - 0x00007ff925058000 	C:\Program Files\Android\Android Studio2\jre\bin\zip.dll
0x00007ff929760000 - 0x00007ff929ea4000 	C:\WINDOWS\System32\SHELL32.dll
0x00007ff925340000 - 0x00007ff925ad5000 	C:\WINDOWS\SYSTEM32\windows.storage.dll
0x00007ff9290d0000 - 0x00007ff929425000 	C:\WINDOWS\System32\combase.dll
0x00007ff926b80000 - 0x00007ff926bae000 	C:\WINDOWS\SYSTEM32\Wldp.dll
0x00007ff9288a0000 - 0x00007ff92894d000 	C:\WINDOWS\System32\SHCORE.dll
0x00007ff928710000 - 0x00007ff928765000 	C:\WINDOWS\System32\shlwapi.dll
0x00007ff9277e0000 - 0x00007ff9277ff000 	C:\WINDOWS\SYSTEM32\profapi.dll
0x00007ff925010000 - 0x00007ff92502a000 	C:\Program Files\Android\Android Studio2\jre\bin\net.dll
0x00007ff91add0000 - 0x00007ff91aedc000 	C:\WINDOWS\SYSTEM32\WINHTTP.dll
0x00007ff926900000 - 0x00007ff92696a000 	C:\WINDOWS\system32\mswsock.dll
0x00007ff924ff0000 - 0x00007ff925004000 	C:\Program Files\Android\Android Studio2\jre\bin\nio.dll
0x00007ff919420000 - 0x00007ff919447000 	C:\Users\bruno\.gradle\native\e1d6ef7f7dcc3fd88c89a11ec53ec762bb8ba0a96d01ffa2cd45eb1d1d8dd5c5\windows-amd64\native-platform.dll
0x00007ff900550000 - 0x00007ff900694000 	C:\Users\bruno\.gradle\native\5664cfc778a61ccfe75a443a1ab52a65af34e5dc3c78e0209fed803814484fcb\windows-amd64\native-platform-file-events.dll
0x00007ff9250d0000 - 0x00007ff9250da000 	C:\Program Files\Android\Android Studio2\jre\bin\management.dll
0x00007ff924fe0000 - 0x00007ff924fed000 	C:\Program Files\Android\Android Studio2\jre\bin\management_ext.dll
0x00007ff927620000 - 0x00007ff927638000 	C:\WINDOWS\SYSTEM32\CRYPTSP.dll
0x00007ff9262a0000 - 0x00007ff9262d4000 	C:\WINDOWS\system32\rsaenh.dll
0x00007ff927de0000 - 0x00007ff927e07000 	C:\WINDOWS\System32\bcrypt.dll
0x00007ff927760000 - 0x00007ff92778e000 	C:\WINDOWS\SYSTEM32\USERENV.dll
0x00007ff926af0000 - 0x00007ff926afc000 	C:\WINDOWS\SYSTEM32\CRYPTBASE.dll
0x00007ff9265f0000 - 0x00007ff92662b000 	C:\WINDOWS\SYSTEM32\IPHLPAPI.DLL
0x00007ff928700000 - 0x00007ff928708000 	C:\WINDOWS\System32\NSI.dll
0x00007ff920aa0000 - 0x00007ff920ab7000 	C:\WINDOWS\SYSTEM32\dhcpcsvc6.DLL
0x00007ff920a80000 - 0x00007ff920a9d000 	C:\WINDOWS\SYSTEM32\dhcpcsvc.DLL
0x00007ff926630000 - 0x00007ff9266fb000 	C:\WINDOWS\SYSTEM32\DNSAPI.dll
0x00007ff9275e0000 - 0x00007ff927613000 	C:\WINDOWS\SYSTEM32\ntmarta.dll
0x00007ff91bf30000 - 0x00007ff91bf57000 	C:\Program Files\Android\Android Studio2\jre\bin\sunec.dll

dbghelp: loaded successfully - version: 4.0.5 - missing functions: none
symbol engine: initialized successfully - sym options: 0x614 - pdb path: .;C:\Program Files\Android\Android Studio2\jre\bin;C:\WINDOWS\SYSTEM32;C:\WINDOWS\WinSxS\amd64_microsoft.windows.common-controls_6595b64144ccf1df_6.0.19041.1110_none_60b5254171f9507e;C:\Program Files\Android\Android Studio2\jre\bin\server;C:\Users\bruno\.gradle\native\e1d6ef7f7dcc3fd88c89a11ec53ec762bb8ba0a96d01ffa2cd45eb1d1d8dd5c5\windows-amd64;C:\Users\bruno\.gradle\native\5664cfc778a61ccfe75a443a1ab52a65af34e5dc3c78e0209fed803814484fcb\windows-amd64

VM Arguments:
jvm_args: --add-opens=java.base/java.util=ALL-UNNAMED --add-opens=java.base/java.lang=ALL-UNNAMED --add-opens=java.base/java.lang.invoke=ALL-UNNAMED --add-opens=java.base/java.util=ALL-UNNAMED --add-opens=java.prefs/java.util.prefs=ALL-UNNAMED --add-opens=java.prefs/java.util.prefs=ALL-UNNAMED --add-opens=java.base/java.nio.charset=ALL-UNNAMED --add-opens=java.base/java.net=ALL-UNNAMED --add-opens=java.base/java.util.concurrent.atomic=ALL-UNNAMED -Xmx2048m -Dfile.encoding=UTF-8 -Duser.country=BR -Duser.language=pt -Duser.variant 
java_command: org.gradle.launcher.daemon.bootstrap.GradleDaemon 7.2
java_class_path (initial): C:\Users\bruno\.gradle\wrapper\dists\gradle-7.2-bin\2dnblmf4td7x66yl1d74lt32g\gradle-7.2\lib\gradle-launcher-7.2.jar
Launcher Type: SUN_STANDARD

[Global flags]
     intx CICompilerCount                          = 3                                         {product} {ergonomic}
     uint ConcGCThreads                            = 1                                         {product} {ergonomic}
     uint G1ConcRefinementThreads                  = 4                                         {product} {ergonomic}
   size_t G1HeapRegionSize                         = 1048576                                   {product} {ergonomic}
    uintx GCDrainStackTargetSize                   = 64                                        {product} {ergonomic}
   size_t InitialHeapSize                          = 132120576                                 {product} {ergonomic}
   size_t MarkStackSize                            = 4194304                                   {product} {ergonomic}
   size_t MaxHeapSize                              = 2147483648                                {product} {command line}
   size_t MaxNewSize                               = 1287651328                                {product} {ergonomic}
   size_t MinHeapDeltaBytes                        = 1048576                                   {product} {ergonomic}
    uintx NonNMethodCodeHeapSize                   = 5830732                                {pd product} {ergonomic}
    uintx NonProfiledCodeHeapSize                  = 122913754                              {pd product} {ergonomic}
    uintx ProfiledCodeHeapSize                     = 122913754                              {pd product} {ergonomic}
    uintx ReservedCodeCacheSize                    = 251658240                              {pd product} {ergonomic}
     bool SegmentedCodeCache                       = true                                      {product} {ergonomic}
     bool UseCompressedClassPointers               = true                                 {lp64_product} {ergonomic}
     bool UseCompressedOops                        = true                                 {lp64_product} {ergonomic}
     bool UseG1GC                                  = true                                      {product} {ergonomic}
     bool UseLargePagesIndividualAllocation        = false                                  {pd product} {ergonomic}

Logging:
Log output configuration:
 #0: stdout all=warning uptime,level,tags
 #1: stderr all=off uptime,level,tags

Environment Variables:
PATH=C:\Program Files (x86)\NVIDIA Corporation\PhysX\Common;C:\WINDOWS\system32;C:\WINDOWS;C:\WINDOWS\System32\Wbem;C:\WINDOWS\System32\WindowsPowerShell\v1.0\;C:\WINDOWS\System32\OpenSSH\;C:\Program Files\Git\cmd;C:\Users\bruno\AppData\Local\Microsoft\WindowsApps;C:\Users\bruno\AppData\Local\GitHubDesktop\bin;C:\Users\bruno\Desktop\flutter\bin;;C:\Users\bruno\AppData\Local\Programs\Microsoft VS Code\bin
USERNAME=bruno
OS=Windows_NT
PROCESSOR_IDENTIFIER=Intel64 Family 6 Model 60 Stepping 3, GenuineIntel



---------------  S Y S T E M  ---------------

OS: Windows 10 , 64 bit Build 19041 (10.0.19041.1466)
OS uptime: 0 days 18:43 hours

CPU:total 4 (initial active 4) (4 cores per cpu, 1 threads per core) family 6 model 60 stepping 3 microcode 0x27, cmov, cx8, fxsr, mmx, sse, sse2, sse3, ssse3, sse4.1, sse4.2, popcnt, avx, avx2, aes, clmul, erms, lzcnt, tsc, tscinvbit, bmi1, bmi2, fma

Memory: 4k page, system-wide physical 8063M (1182M free)
TotalPageFile size 11647M (AvailPageFile size 4207M)
current process WorkingSet (physical memory assigned to process): 547M, peak: 554M
current process commit charge ("private bytes"): 573M, peak: 579M

vm_info: OpenJDK 64-Bit Server VM (11.0.11+9-b60-7590822) for windows-amd64 JRE (11.0.11+9-b60-7590822), built on Jul 29 2021 21:43:44 by "builder" with MS VC++ 14.0 (VS2015)

END.
